<?xml version="1.0" encoding="UTF-8"?>
<coverage generated="1783008455880" clover="3.2.0">
  <project timestamp="1783008455880" name="All files">
    <metrics statements="555" coveredstatements="437" conditionals="293" coveredconditionals="232" methods="209" coveredmethods="171" elements="1057" coveredelements="840" complexity="0" loc="555" ncloc="555" packages="24" files="56" classes="56"/>
    <package name="src">
      <metrics statements="0" coveredstatements="0" conditionals="0" coveredconditionals="0" methods="0" coveredmethods="0"/>
      <file name="env.d.ts" path="/home/strocs/dev/cartografias-sonoras/cartografias-sonoras/src/env.d.ts">
        <metrics statements="0" coveredstatements="0" conditionals="0" coveredconditionals="0" methods="0" coveredmethods="0"/>
      </file>
    </package>
    <package name="src.features.maps.data">
      <metrics statements="1" coveredstatements="1" conditionals="0" coveredconditionals="0" methods="0" coveredmethods="0"/>
      <file name="index.ts" path="/home/strocs/dev/cartografias-sonoras/cartografias-sonoras/src/features/maps/data/index.ts">
        <metrics statements="0" coveredstatements="0" conditionals="0" coveredconditionals="0" methods="0" coveredmethods="0"/>
      </file>
      <file name="mock-maps.ts" path="/home/strocs/dev/cartografias-sonoras/cartografias-sonoras/src/features/maps/data/mock-maps.ts">
        <metrics statements="1" coveredstatements="1" conditionals="0" coveredconditionals="0" methods="0" coveredmethods="0"/>
        <line num="7" count="3" type="stmt"/>
      </file>
    </package>
    <package name="src.features.maps.domain">
      <metrics statements="5" coveredstatements="5" conditionals="10" coveredconditionals="10" methods="2" coveredmethods="2"/>
      <file name="index.ts" path="/home/strocs/dev/cartografias-sonoras/cartografias-sonoras/src/features/maps/domain/index.ts">
        <metrics statements="0" coveredstatements="0" conditionals="0" coveredconditionals="0" methods="0" coveredmethods="0"/>
      </file>
      <file name="invariants.ts" path="/home/strocs/dev/cartografias-sonoras/cartografias-sonoras/src/features/maps/domain/invariants.ts">
        <metrics statements="2" coveredstatements="2" conditionals="4" coveredconditionals="4" methods="1" coveredmethods="1"/>
        <line num="4" count="2" type="cond" truecount="4" falsecount="0"/>
        <line num="5" count="1" type="stmt"/>
      </file>
      <file name="schema.ts" path="/home/strocs/dev/cartografias-sonoras/cartografias-sonoras/src/features/maps/domain/schema.ts">
        <metrics statements="3" coveredstatements="3" conditionals="6" coveredconditionals="6" methods="1" coveredmethods="1"/>
        <line num="3" count="2" type="stmt"/>
        <line num="9" count="3" type="cond" truecount="6" falsecount="0"/>
        <line num="21" count="2" type="stmt"/>
      </file>
      <file name="types.ts" path="/home/strocs/dev/cartografias-sonoras/cartografias-sonoras/src/features/maps/domain/types.ts">
        <metrics statements="0" coveredstatements="0" conditionals="0" coveredconditionals="0" methods="0" coveredmethods="0"/>
      </file>
    </package>
    <package name="src.features.maps.ui">
      <metrics statements="19" coveredstatements="14" conditionals="4" coveredconditionals="2" methods="13" coveredmethods="11"/>
      <file name="ActiveMapLayout.tsx" path="/home/strocs/dev/cartografias-sonoras/cartografias-sonoras/src/features/maps/ui/ActiveMapLayout.tsx">
        <metrics statements="5" coveredstatements="0" conditionals="2" coveredconditionals="0" methods="2" coveredmethods="0"/>
        <line num="1" count="0" type="stmt"/>
        <line num="38" count="0" type="stmt"/>
        <line num="43" count="0" type="stmt"/>
        <line num="48" count="0" type="cond" truecount="0" falsecount="2"/>
        <line num="52" count="0" type="stmt"/>
      </file>
      <file name="MapControls.tsx" path="/home/strocs/dev/cartografias-sonoras/cartografias-sonoras/src/features/maps/ui/MapControls.tsx">
        <metrics statements="10" coveredstatements="10" conditionals="2" coveredconditionals="2" methods="8" coveredmethods="8"/>
        <line num="1" count="1" type="stmt"/>
        <line num="14" count="4" type="stmt"/>
        <line num="16" count="4" type="stmt"/>
        <line num="25" count="1" type="stmt"/>
        <line num="32" count="1" type="stmt"/>
        <line num="40" count="2" type="cond" truecount="2" falsecount="0"/>
        <line num="64" count="12" type="stmt"/>
        <line num="84" count="4" type="stmt"/>
        <line num="101" count="4" type="stmt"/>
        <line num="118" count="4" type="stmt"/>
      </file>
      <file name="RightRail.tsx" path="/home/strocs/dev/cartografias-sonoras/cartografias-sonoras/src/features/maps/ui/RightRail.tsx">
        <metrics statements="4" coveredstatements="4" conditionals="0" coveredconditionals="0" methods="3" coveredmethods="3"/>
        <line num="1" count="1" type="stmt"/>
        <line num="13" count="12" type="stmt"/>
        <line num="15" count="4" type="stmt"/>
        <line num="19" count="8" type="stmt"/>
      </file>
      <file name="index.ts" path="/home/strocs/dev/cartografias-sonoras/cartografias-sonoras/src/features/maps/ui/index.ts">
        <metrics statements="0" coveredstatements="0" conditionals="0" coveredconditionals="0" methods="0" coveredmethods="0"/>
      </file>
    </package>
    <package name="src.features.paths.data">
      <metrics statements="1" coveredstatements="1" conditionals="0" coveredconditionals="0" methods="0" coveredmethods="0"/>
      <file name="index.ts" path="/home/strocs/dev/cartografias-sonoras/cartografias-sonoras/src/features/paths/data/index.ts">
        <metrics statements="0" coveredstatements="0" conditionals="0" coveredconditionals="0" methods="0" coveredmethods="0"/>
      </file>
      <file name="mock-paths.ts" path="/home/strocs/dev/cartografias-sonoras/cartografias-sonoras/src/features/paths/data/mock-paths.ts">
        <metrics statements="1" coveredstatements="1" conditionals="0" coveredconditionals="0" methods="0" coveredmethods="0"/>
        <line num="6" count="2" type="stmt"/>
      </file>
    </package>
    <package name="src.features.paths.domain">
      <metrics statements="6" coveredstatements="6" conditionals="6" coveredconditionals="6" methods="1" coveredmethods="1"/>
      <file name="index.ts" path="/home/strocs/dev/cartografias-sonoras/cartografias-sonoras/src/features/paths/domain/index.ts">
        <metrics statements="0" coveredstatements="0" conditionals="0" coveredconditionals="0" methods="0" coveredmethods="0"/>
      </file>
      <file name="invariants.ts" path="/home/strocs/dev/cartografias-sonoras/cartografias-sonoras/src/features/paths/domain/invariants.ts">
        <metrics statements="4" coveredstatements="4" conditionals="6" coveredconditionals="6" methods="1" coveredmethods="1"/>
        <line num="4" count="3" type="cond" truecount="4" falsecount="0"/>
        <line num="5" count="1" type="stmt"/>
        <line num="8" count="2" type="cond" truecount="2" falsecount="0"/>
        <line num="9" count="1" type="stmt"/>
      </file>
      <file name="schema.ts" path="/home/strocs/dev/cartografias-sonoras/cartografias-sonoras/src/features/paths/domain/schema.ts">
        <metrics statements="2" coveredstatements="2" conditionals="0" coveredconditionals="0" methods="0" coveredmethods="0"/>
        <line num="3" count="2" type="stmt"/>
        <line num="11" count="2" type="stmt"/>
      </file>
      <file name="types.ts" path="/home/strocs/dev/cartografias-sonoras/cartografias-sonoras/src/features/paths/domain/types.ts">
        <metrics statements="0" coveredstatements="0" conditionals="0" coveredconditionals="0" methods="0" coveredmethods="0"/>
      </file>
    </package>
    <package name="src.features.paths.ui">
      <metrics statements="58" coveredstatements="0" conditionals="12" coveredconditionals="0" methods="7" coveredmethods="0"/>
      <file name="PathOverlay.tsx" path="/home/strocs/dev/cartografias-sonoras/cartografias-sonoras/src/features/paths/ui/PathOverlay.tsx">
        <metrics statements="58" coveredstatements="0" conditionals="12" coveredconditionals="0" methods="7" coveredmethods="0"/>
        <line num="1" count="0" type="stmt"/>
        <line num="15" count="0" type="stmt"/>
        <line num="16" count="0" type="stmt"/>
        <line num="17" count="0" type="stmt"/>
        <line num="18" count="0" type="stmt"/>
        <line num="21" count="0" type="stmt"/>
        <line num="23" count="0" type="stmt"/>
        <line num="24" count="0" type="cond" truecount="0" falsecount="2"/>
        <line num="25" count="0" type="stmt"/>
        <line num="28" count="0" type="stmt"/>
        <line num="29" count="0" type="stmt"/>
        <line num="30" count="0" type="cond" truecount="0" falsecount="2"/>
        <line num="31" count="0" type="stmt"/>
        <line num="34" count="0" type="stmt"/>
        <line num="35" count="0" type="stmt"/>
        <line num="36" count="0" type="stmt"/>
        <line num="37" count="0" type="stmt"/>
        <line num="38" count="0" type="stmt"/>
        <line num="43" count="0" type="stmt"/>
        <line num="44" count="0" type="stmt"/>
        <line num="47" count="0" type="stmt"/>
        <line num="48" count="0" type="stmt"/>
        <line num="51" count="0" type="stmt"/>
        <line num="52" count="0" type="cond" truecount="0" falsecount="2"/>
        <line num="53" count="0" type="stmt"/>
        <line num="56" count="0" type="stmt"/>
        <line num="59" count="0" type="stmt"/>
        <line num="60" count="0" type="stmt"/>
        <line num="64" count="0" type="stmt"/>
        <line num="65" count="0" type="stmt"/>
        <line num="66" count="0" type="stmt"/>
        <line num="67" count="0" type="stmt"/>
        <line num="68" count="0" type="stmt"/>
        <line num="69" count="0" type="stmt"/>
        <line num="70" count="0" type="stmt"/>
        <line num="71" count="0" type="stmt"/>
        <line num="72" count="0" type="stmt"/>
        <line num="76" count="0" type="stmt"/>
        <line num="77" count="0" type="stmt"/>
        <line num="78" count="0" type="stmt"/>
        <line num="80" count="0" type="stmt"/>
        <line num="81" count="0" type="stmt"/>
        <line num="82" count="0" type="stmt"/>
        <line num="86" count="0" type="stmt"/>
        <line num="93" count="0" type="stmt"/>
        <line num="94" count="0" type="stmt"/>
        <line num="97" count="0" type="cond" truecount="0" falsecount="2"/>
        <line num="98" count="0" type="stmt"/>
        <line num="101" count="0" type="stmt"/>
        <line num="105" count="0" type="stmt"/>
        <line num="106" count="0" type="stmt"/>
        <line num="107" count="0" type="stmt"/>
        <line num="108" count="0" type="cond" truecount="0" falsecount="2"/>
        <line num="109" count="0" type="cond" truecount="0" falsecount="2"/>
        <line num="111" count="0" type="stmt"/>
        <line num="115" count="0" type="stmt"/>
        <line num="120" count="0" type="stmt"/>
        <line num="123" count="0" type="stmt"/>
      </file>
      <file name="index.ts" path="/home/strocs/dev/cartografias-sonoras/cartografias-sonoras/src/features/paths/ui/index.ts">
        <metrics statements="0" coveredstatements="0" conditionals="0" coveredconditionals="0" methods="0" coveredmethods="0"/>
      </file>
    </package>
    <package name="src.features.sound-pieces.data">
      <metrics statements="2" coveredstatements="2" conditionals="0" coveredconditionals="0" methods="0" coveredmethods="0"/>
      <file name="index.ts" path="/home/strocs/dev/cartografias-sonoras/cartografias-sonoras/src/features/sound-pieces/data/index.ts">
        <metrics statements="0" coveredstatements="0" conditionals="0" coveredconditionals="0" methods="0" coveredmethods="0"/>
      </file>
      <file name="mock-sound-pieces.ts" path="/home/strocs/dev/cartografias-sonoras/cartografias-sonoras/src/features/sound-pieces/data/mock-sound-pieces.ts">
        <metrics statements="2" coveredstatements="2" conditionals="0" coveredconditionals="0" methods="0" coveredmethods="0"/>
        <line num="3" count="1" type="stmt"/>
        <line num="5" count="1" type="stmt"/>
      </file>
    </package>
    <package name="src.features.sound-pieces.domain">
      <metrics statements="3" coveredstatements="3" conditionals="4" coveredconditionals="4" methods="1" coveredmethods="1"/>
      <file name="index.ts" path="/home/strocs/dev/cartografias-sonoras/cartografias-sonoras/src/features/sound-pieces/domain/index.ts">
        <metrics statements="0" coveredstatements="0" conditionals="0" coveredconditionals="0" methods="0" coveredmethods="0"/>
      </file>
      <file name="invariants.ts" path="/home/strocs/dev/cartografias-sonoras/cartografias-sonoras/src/features/sound-pieces/domain/invariants.ts">
        <metrics statements="2" coveredstatements="2" conditionals="4" coveredconditionals="4" methods="1" coveredmethods="1"/>
        <line num="4" count="2" type="cond" truecount="4" falsecount="0"/>
        <line num="5" count="1" type="stmt"/>
      </file>
      <file name="schema.ts" path="/home/strocs/dev/cartografias-sonoras/cartografias-sonoras/src/features/sound-pieces/domain/schema.ts">
        <metrics statements="1" coveredstatements="1" conditionals="0" coveredconditionals="0" methods="0" coveredmethods="0"/>
        <line num="3" count="2" type="stmt"/>
      </file>
      <file name="types.ts" path="/home/strocs/dev/cartografias-sonoras/cartografias-sonoras/src/features/sound-pieces/domain/types.ts">
        <metrics statements="0" coveredstatements="0" conditionals="0" coveredconditionals="0" methods="0" coveredmethods="0"/>
      </file>
    </package>
    <package name="src.features.sound-pieces.ui">
      <metrics statements="44" coveredstatements="44" conditionals="34" coveredconditionals="30" methods="23" coveredmethods="23"/>
      <file name="AudioBottomPlayer.tsx" path="/home/strocs/dev/cartografias-sonoras/cartografias-sonoras/src/features/sound-pieces/ui/AudioBottomPlayer.tsx">
        <metrics statements="44" coveredstatements="44" conditionals="34" coveredconditionals="30" methods="23" coveredmethods="23"/>
        <line num="1" count="1" type="stmt"/>
        <line num="18" count="1" type="stmt"/>
        <line num="27" count="67" type="stmt"/>
        <line num="33" count="69" type="stmt"/>
        <line num="39" count="19" type="stmt"/>
        <line num="40" count="19" type="stmt"/>
        <line num="41" count="74" type="stmt"/>
        <line num="42" count="74" type="stmt"/>
        <line num="43" count="74" type="stmt"/>
        <line num="44" count="74" type="stmt"/>
        <line num="46" count="74" type="stmt"/>
        <line num="47" count="74" type="stmt"/>
        <line num="48" count="74" type="stmt"/>
        <line num="49" count="74" type="stmt"/>
        <line num="50" count="74" type="stmt"/>
        <line num="51" count="74" type="stmt"/>
        <line num="53" count="19" type="stmt"/>
        <line num="56" count="19" type="cond" truecount="2" falsecount="0"/>
        <line num="58" count="19" type="stmt"/>
        <line num="59" count="3" type="cond" truecount="4" falsecount="0"/>
        <line num="60" count="1" type="stmt"/>
        <line num="61" count="1" type="stmt"/>
        <line num="64" count="2" type="cond" truecount="2" falsecount="0"/>
        <line num="65" count="1" type="stmt"/>
        <line num="67" count="1" type="stmt"/>
        <line num="71" count="19" type="stmt"/>
        <line num="72" count="1" type="cond" truecount="1" falsecount="1"/>
        <line num="73" count="1" type="stmt"/>
        <line num="74" count="1" type="stmt"/>
        <line num="77" count="19" type="stmt"/>
        <line num="78" count="1" type="stmt"/>
        <line num="81" count="19" type="cond" truecount="1" falsecount="1"/>
        <line num="82" count="19" type="cond" truecount="1" falsecount="1"/>
        <line num="84" count="19" type="stmt"/>
        <line num="152" count="19" type="stmt"/>
        <line num="178" count="19" type="stmt"/>
        <line num="189" count="38" type="cond" truecount="3" falsecount="1"/>
        <line num="190" count="38" type="stmt"/>
        <line num="191" count="38" type="stmt"/>
        <line num="192" count="38" type="stmt"/>
        <line num="200" count="19" type="stmt"/>
        <line num="208" count="95" type="stmt"/>
        <line num="225" count="13" type="stmt"/>
        <line num="233" count="6" type="stmt"/>
      </file>
    </package>
    <package name="src.features.sounds.data">
      <metrics statements="6" coveredstatements="6" conditionals="0" coveredconditionals="0" methods="0" coveredmethods="0"/>
      <file name="index.ts" path="/home/strocs/dev/cartografias-sonoras/cartografias-sonoras/src/features/sounds/data/index.ts">
        <metrics statements="0" coveredstatements="0" conditionals="0" coveredconditionals="0" methods="0" coveredmethods="0"/>
      </file>
      <file name="mock-sounds.ts" path="/home/strocs/dev/cartografias-sonoras/cartografias-sonoras/src/features/sounds/data/mock-sounds.ts">
        <metrics statements="6" coveredstatements="6" conditionals="0" coveredconditionals="0" methods="0" coveredmethods="0"/>
        <line num="12" count="5" type="stmt"/>
        <line num="13" count="5" type="stmt"/>
        <line num="14" count="5" type="stmt"/>
        <line num="15" count="5" type="stmt"/>
        <line num="16" count="5" type="stmt"/>
        <line num="18" count="5" type="stmt"/>
      </file>
    </package>
    <package name="src.features.sounds.domain">
      <metrics statements="8" coveredstatements="8" conditionals="14" coveredconditionals="14" methods="1" coveredmethods="1"/>
      <file name="index.ts" path="/home/strocs/dev/cartografias-sonoras/cartografias-sonoras/src/features/sounds/domain/index.ts">
        <metrics statements="0" coveredstatements="0" conditionals="0" coveredconditionals="0" methods="0" coveredmethods="0"/>
      </file>
      <file name="invariants.ts" path="/home/strocs/dev/cartografias-sonoras/cartografias-sonoras/src/features/sounds/domain/invariants.ts">
        <metrics statements="6" coveredstatements="6" conditionals="14" coveredconditionals="14" methods="1" coveredmethods="1"/>
        <line num="4" count="4" type="cond" truecount="4" falsecount="0"/>
        <line num="5" count="1" type="stmt"/>
        <line num="8" count="3" type="cond" truecount="2" falsecount="0"/>
        <line num="12" count="1" type="stmt"/>
        <line num="15" count="2" type="cond" truecount="2" falsecount="0"/>
        <line num="21" count="1" type="stmt"/>
      </file>
      <file name="schema.ts" path="/home/strocs/dev/cartografias-sonoras/cartografias-sonoras/src/features/sounds/domain/schema.ts">
        <metrics statements="2" coveredstatements="2" conditionals="0" coveredconditionals="0" methods="0" coveredmethods="0"/>
        <line num="3" count="2" type="stmt"/>
        <line num="11" count="2" type="stmt"/>
      </file>
      <file name="types.ts" path="/home/strocs/dev/cartografias-sonoras/cartografias-sonoras/src/features/sounds/domain/types.ts">
        <metrics statements="0" coveredstatements="0" conditionals="0" coveredconditionals="0" methods="0" coveredmethods="0"/>
      </file>
    </package>
    <package name="src.features.sounds.ui">
      <metrics statements="54" coveredstatements="51" conditionals="42" coveredconditionals="39" methods="17" coveredmethods="17"/>
      <file name="HoverCard.tsx" path="/home/strocs/dev/cartografias-sonoras/cartografias-sonoras/src/features/sounds/ui/HoverCard.tsx">
        <metrics statements="1" coveredstatements="1" conditionals="3" coveredconditionals="3" methods="1" coveredmethods="1"/>
        <line num="9" count="24" type="stmt"/>
      </file>
      <file name="SoundMarker.tsx" path="/home/strocs/dev/cartografias-sonoras/cartografias-sonoras/src/features/sounds/ui/SoundMarker.tsx">
        <metrics statements="53" coveredstatements="50" conditionals="39" coveredconditionals="36" methods="16" coveredmethods="16"/>
        <line num="1" count="2" type="stmt"/>
        <line num="26" count="29" type="stmt"/>
        <line num="27" count="29" type="stmt"/>
        <line num="30" count="29" type="stmt"/>
        <line num="33" count="29" type="stmt"/>
        <line num="35" count="96" type="cond" truecount="2" falsecount="0"/>
        <line num="37" count="29" type="stmt"/>
        <line num="39" count="96" type="cond" truecount="2" falsecount="0"/>
        <line num="41" count="29" type="stmt"/>
        <line num="42" count="96" type="cond" truecount="2" falsecount="0"/>
        <line num="44" count="96" type="stmt"/>
        <line num="45" count="96" type="stmt"/>
        <line num="46" count="96" type="stmt"/>
        <line num="47" count="96" type="stmt"/>
        <line num="48" count="96" type="stmt"/>
        <line num="49" count="96" type="stmt"/>
        <line num="51" count="29" type="stmt"/>
        <line num="52" count="29" type="stmt"/>
        <line num="54" count="29" type="stmt"/>
        <line num="55" count="29" type="stmt"/>
        <line num="56" count="29" type="stmt"/>
        <line num="60" count="29" type="cond" truecount="3" falsecount="0"/>
        <line num="64" count="29" type="cond" truecount="2" falsecount="0"/>
        <line num="65" count="29" type="stmt"/>
        <line num="66" count="29" type="cond" truecount="2" falsecount="0"/>
        <line num="70" count="29" type="stmt"/>
        <line num="78" count="29" type="stmt"/>
        <line num="79" count="11" type="cond" truecount="1" falsecount="1"/>
        <line num="80" count="0" type="stmt"/>
        <line num="83" count="11" type="stmt"/>
        <line num="85" count="11" type="stmt"/>
        <line num="92" count="11" type="stmt"/>
        <line num="93" count="11" type="stmt"/>
        <line num="98" count="11" type="stmt"/>
        <line num="100" count="11" type="stmt"/>
        <line num="101" count="11" type="stmt"/>
        <line num="102" count="11" type="stmt"/>
        <line num="103" count="11" type="stmt"/>
        <line num="107" count="29" type="cond" truecount="2" falsecount="0"/>
        <line num="108" count="11" type="stmt"/>
        <line num="113" count="2" type="cond" truecount="2" falsecount="0"/>
        <line num="114" count="1" type="stmt"/>
        <line num="117" count="2" type="cond" truecount="1" falsecount="1"/>
        <line num="118" count="0" type="stmt"/>
        <line num="119" count="2" type="cond" truecount="1" falsecount="1"/>
        <line num="120" count="0" type="stmt"/>
        <line num="122" count="2" type="stmt"/>
        <line num="126" count="18" type="cond" truecount="2" falsecount="0"/>
        <line num="128" count="29" type="stmt"/>
        <line num="205" count="2" type="stmt"/>
        <line num="206" count="2" type="stmt"/>
        <line num="256" count="18" type="stmt"/>
        <line num="270" count="18" type="stmt"/>
      </file>
      <file name="index.ts" path="/home/strocs/dev/cartografias-sonoras/cartografias-sonoras/src/features/sounds/ui/index.ts">
        <metrics statements="0" coveredstatements="0" conditionals="0" coveredconditionals="0" methods="0" coveredmethods="0"/>
      </file>
    </package>
    <package name="src.shared.data">
      <metrics statements="1" coveredstatements="0" conditionals="0" coveredconditionals="0" methods="0" coveredmethods="0"/>
      <file name="site-content.ts" path="/home/strocs/dev/cartografias-sonoras/cartografias-sonoras/src/shared/data/site-content.ts">
        <metrics statements="1" coveredstatements="0" conditionals="0" coveredconditionals="0" methods="0" coveredmethods="0"/>
        <line num="1" count="0" type="stmt"/>
      </file>
    </package>
    <package name="src.shared.hooks">
      <metrics statements="1" coveredstatements="1" conditionals="0" coveredconditionals="0" methods="1" coveredmethods="1"/>
      <file name="useMountEffect.ts" path="/home/strocs/dev/cartografias-sonoras/cartografias-sonoras/src/shared/hooks/useMountEffect.ts">
        <metrics statements="1" coveredstatements="1" conditionals="0" coveredconditionals="0" methods="1" coveredmethods="1"/>
        <line num="16" count="80" type="stmt"/>
      </file>
    </package>
    <package name="src.shared.lib.audio-engine">
      <metrics statements="121" coveredstatements="100" conditionals="54" coveredconditionals="36" methods="84" coveredmethods="65"/>
      <file name="engine.ts" path="/home/strocs/dev/cartografias-sonoras/cartografias-sonoras/src/shared/lib/audio-engine/engine.ts">
        <metrics statements="93" coveredstatements="81" conditionals="54" coveredconditionals="36" methods="33" coveredmethods="32"/>
        <line num="18" count="76" type="stmt"/>
        <line num="27" count="100" type="stmt"/>
        <line num="36" count="74" type="stmt"/>
        <line num="53" count="86" type="stmt"/>
        <line num="54" count="86" type="cond" truecount="2" falsecount="0"/>
        <line num="55" count="86" type="cond" truecount="1" falsecount="1"/>
        <line num="56" count="86" type="stmt"/>
        <line num="57" count="86" type="stmt"/>
        <line num="64" count="38" type="stmt"/>
        <line num="68" count="38" type="stmt"/>
        <line num="83" count="39" type="cond" truecount="2" falsecount="0"/>
        <line num="88" count="1" type="stmt"/>
        <line num="91" count="38" type="stmt"/>
        <line num="94" count="38" type="cond" truecount="2" falsecount="0"/>
        <line num="99" count="1" type="stmt"/>
        <line num="102" count="38" type="stmt"/>
        <line num="104" count="38" type="cond" truecount="2" falsecount="0"/>
        <line num="106" count="39" type="cond" truecount="1" falsecount="1"/>
        <line num="107" count="0" type="stmt"/>
        <line num="110" count="38" type="stmt"/>
        <line num="123" count="25" type="stmt"/>
        <line num="124" count="25" type="cond" truecount="1" falsecount="1"/>
        <line num="125" count="0" type="stmt"/>
        <line num="127" count="25" type="stmt"/>
        <line num="128" count="25" type="cond" truecount="2" falsecount="0"/>
        <line num="129" count="13" type="stmt"/>
        <line num="131" count="25" type="stmt"/>
        <line num="138" count="4" type="stmt"/>
        <line num="139" count="4" type="cond" truecount="1" falsecount="1"/>
        <line num="140" count="0" type="stmt"/>
        <line num="142" count="4" type="stmt"/>
        <line num="149" count="3" type="stmt"/>
        <line num="150" count="3" type="cond" truecount="1" falsecount="1"/>
        <line num="151" count="0" type="stmt"/>
        <line num="153" count="3" type="stmt"/>
        <line num="160" count="1" type="stmt"/>
        <line num="161" count="1" type="stmt"/>
        <line num="163" count="1" type="stmt"/>
        <line num="164" count="0" type="stmt"/>
        <line num="167" count="1" type="stmt"/>
        <line num="175" count="2" type="stmt"/>
        <line num="183" count="28" type="stmt"/>
        <line num="184" count="28" type="stmt"/>
        <line num="185" count="3" type="cond" truecount="2" falsecount="2"/>
        <line num="186" count="3" type="stmt"/>
        <line num="189" count="28" type="stmt"/>
        <line num="196" count="3" type="stmt"/>
        <line num="197" count="3" type="cond" truecount="1" falsecount="1"/>
        <line num="198" count="0" type="stmt"/>
        <line num="200" count="3" type="stmt"/>
        <line num="211" count="1" type="stmt"/>
        <line num="219" count="4" type="stmt"/>
        <line num="220" count="4" type="cond" truecount="1" falsecount="1"/>
        <line num="221" count="0" type="stmt"/>
        <line num="223" count="4" type="stmt"/>
        <line num="224" count="4" type="stmt"/>
        <line num="225" count="4" type="stmt"/>
        <line num="233" count="6" type="stmt"/>
        <line num="234" count="6" type="cond" truecount="2" falsecount="0"/>
        <line num="235" count="1" type="stmt"/>
        <line num="237" count="5" type="stmt"/>
        <line num="238" count="5" type="stmt"/>
        <line num="239" count="5" type="stmt"/>
        <line num="246" count="5" type="stmt"/>
        <line num="250" count="8" type="stmt"/>
        <line num="258" count="5" type="stmt"/>
        <line num="259" count="5" type="cond" truecount="1" falsecount="1"/>
        <line num="260" count="0" type="stmt"/>
        <line num="262" count="5" type="stmt"/>
        <line num="269" count="3" type="stmt"/>
        <line num="277" count="25" type="stmt"/>
        <line num="278" count="25" type="stmt"/>
        <line num="290" count="21" type="cond" truecount="1" falsecount="1"/>
        <line num="291" count="0" type="stmt"/>
        <line num="293" count="21" type="stmt"/>
        <line num="294" count="21" type="cond" truecount="2" falsecount="0"/>
        <line num="295" count="9" type="stmt"/>
        <line num="297" count="21" type="stmt"/>
        <line num="301" count="5" type="cond" truecount="1" falsecount="1"/>
        <line num="302" count="0" type="stmt"/>
        <line num="304" count="5" type="stmt"/>
        <line num="308" count="3" type="cond" truecount="1" falsecount="1"/>
        <line num="309" count="0" type="stmt"/>
        <line num="312" count="3" type="stmt"/>
        <line num="313" count="3" type="stmt"/>
        <line num="317" count="1" type="stmt"/>
        <line num="325" count="1" type="cond" truecount="1" falsecount="1"/>
        <line num="326" count="0" type="stmt"/>
        <line num="328" count="1" type="stmt"/>
        <line num="339" count="1" type="stmt"/>
        <line num="346" count="1" type="stmt"/>
        <line num="353" count="3" type="stmt"/>
        <line num="363" count="1" type="stmt"/>
      </file>
      <file name="index.ts" path="/home/strocs/dev/cartografias-sonoras/cartografias-sonoras/src/shared/lib/audio-engine/index.ts">
        <metrics statements="0" coveredstatements="0" conditionals="0" coveredconditionals="0" methods="0" coveredmethods="0"/>
      </file>
      <file name="store.ts" path="/home/strocs/dev/cartografias-sonoras/cartografias-sonoras/src/shared/lib/audio-engine/store.ts">
        <metrics statements="27" coveredstatements="18" conditionals="0" coveredconditionals="0" methods="51" coveredmethods="33"/>
        <line num="32" count="5" type="stmt"/>
        <line num="36" count="19" type="stmt"/>
        <line num="40" count="2" type="stmt"/>
        <line num="44" count="1" type="stmt"/>
        <line num="48" count="0" type="stmt"/>
        <line num="52" count="0" type="stmt"/>
        <line num="56" count="0" type="stmt"/>
        <line num="60" count="9" type="stmt"/>
        <line num="64" count="2" type="stmt"/>
        <line num="68" count="1" type="stmt"/>
        <line num="72" count="0" type="stmt"/>
        <line num="76" count="1" type="stmt"/>
        <line num="80" count="3" type="stmt"/>
        <line num="84" count="4" type="stmt"/>
        <line num="88" count="6" type="stmt"/>
        <line num="95" count="5" type="stmt"/>
        <line num="97" count="11" type="stmt"/>
        <line num="103" count="2" type="stmt"/>
        <line num="107" count="0" type="stmt"/>
        <line num="111" count="2" type="stmt"/>
        <line num="115" count="4" type="stmt"/>
        <line num="121" count="8" type="stmt"/>
        <line num="125" count="0" type="stmt"/>
        <line num="129" count="0" type="stmt"/>
        <line num="133" count="2" type="stmt"/>
        <line num="137" count="0" type="stmt"/>
        <line num="141" count="0" type="stmt"/>
      </file>
      <file name="types.ts" path="/home/strocs/dev/cartografias-sonoras/cartografias-sonoras/src/shared/lib/audio-engine/types.ts">
        <metrics statements="1" coveredstatements="1" conditionals="0" coveredconditionals="0" methods="0" coveredmethods="0"/>
        <line num="1" count="6" type="stmt"/>
      </file>
    </package>
    <package name="src.shared.lib.audio-engine.ui">
      <metrics statements="108" coveredstatements="94" conditionals="59" coveredconditionals="44" methods="28" coveredmethods="26"/>
      <file name="AudioPool.tsx" path="/home/strocs/dev/cartografias-sonoras/cartografias-sonoras/src/shared/lib/audio-engine/ui/AudioPool.tsx">
        <metrics statements="108" coveredstatements="94" conditionals="59" coveredconditionals="44" methods="28" coveredmethods="26"/>
        <line num="1" count="4" type="stmt"/>
        <line num="19" count="4" type="stmt"/>
        <line num="26" count="88" type="stmt"/>
        <line num="27" count="88" type="stmt"/>
        <line num="28" count="46" type="cond" truecount="2" falsecount="0"/>
        <line num="29" count="42" type="stmt"/>
        <line num="32" count="88" type="stmt"/>
        <line num="36" count="81" type="stmt"/>
        <line num="46" count="8" type="stmt"/>
        <line num="50" count="22" type="stmt"/>
        <line num="51" count="22" type="stmt"/>
        <line num="52" count="22" type="stmt"/>
        <line num="53" count="22" type="stmt"/>
        <line num="55" count="22" type="stmt"/>
        <line num="56" count="22" type="cond" truecount="2" falsecount="0"/>
        <line num="59" count="22" type="stmt"/>
        <line num="61" count="22" type="stmt"/>
        <line num="67" count="22" type="cond" truecount="2" falsecount="0"/>
        <line num="70" count="22" type="cond" truecount="1" falsecount="1"/>
        <line num="71" count="0" type="stmt"/>
        <line num="74" count="22" type="stmt"/>
        <line num="75" count="22" type="cond" truecount="2" falsecount="0"/>
        <line num="76" count="17" type="cond" truecount="2" falsecount="0"/>
        <line num="77" count="10" type="stmt"/>
        <line num="78" count="10" type="stmt"/>
        <line num="79" count="7" type="cond" truecount="2" falsecount="0"/>
        <line num="80" count="5" type="stmt"/>
        <line num="81" count="2" type="cond" truecount="2" falsecount="0"/>
        <line num="82" count="1" type="stmt"/>
        <line num="84" count="17" type="stmt"/>
        <line num="88" count="22" type="stmt"/>
        <line num="89" count="35" type="cond" truecount="4" falsecount="0"/>
        <line num="90" count="31" type="stmt"/>
        <line num="92" count="4" type="stmt"/>
        <line num="93" count="2" type="stmt"/>
        <line num="94" count="2" type="stmt"/>
        <line num="96" count="4" type="stmt"/>
        <line num="97" count="4" type="stmt"/>
        <line num="100" count="22" type="stmt"/>
        <line num="101" count="35" type="stmt"/>
        <line num="102" count="1" type="stmt"/>
        <line num="103" count="1" type="cond" truecount="1" falsecount="1"/>
        <line num="104" count="1" type="stmt"/>
        <line num="105" count="1" type="stmt"/>
        <line num="109" count="35" type="cond" truecount="2" falsecount="2"/>
        <line num="110" count="0" type="stmt"/>
        <line num="111" count="0" type="cond" truecount="0" falsecount="2"/>
        <line num="112" count="0" type="stmt"/>
        <line num="113" count="0" type="stmt"/>
        <line num="114" count="0" type="stmt"/>
        <line num="119" count="22" type="stmt"/>
        <line num="120" count="35" type="stmt"/>
        <line num="122" count="35" type="stmt"/>
        <line num="123" count="35" type="stmt"/>
        <line num="125" count="35" type="stmt"/>
        <line num="126" count="19" type="stmt"/>
        <line num="127" count="19" type="cond" truecount="2" falsecount="0"/>
        <line num="128" count="11" type="stmt"/>
        <line num="132" count="35" type="cond" truecount="2" falsecount="0"/>
        <line num="133" count="3" type="stmt"/>
        <line num="134" count="3" type="cond" truecount="2" falsecount="0"/>
        <line num="135" count="1" type="stmt"/>
        <line num="140" count="35" type="stmt"/>
        <line num="141" count="35" type="stmt"/>
        <line num="142" count="35" type="cond" truecount="2" falsecount="0"/>
        <line num="143" count="3" type="stmt"/>
        <line num="145" count="35" type="stmt"/>
        <line num="146" count="12" type="cond" truecount="1" falsecount="1"/>
        <line num="147" count="0" type="stmt"/>
        <line num="152" count="22" type="stmt"/>
        <line num="153" count="11" type="stmt"/>
        <line num="154" count="11" type="stmt"/>
        <line num="155" count="11" type="stmt"/>
        <line num="158" count="22" type="stmt"/>
        <line num="159" count="20" type="cond" truecount="2" falsecount="0"/>
        <line num="160" count="10" type="stmt"/>
        <line num="161" count="10" type="stmt"/>
        <line num="162" count="10" type="stmt"/>
        <line num="165" count="10" type="stmt"/>
        <line num="166" count="10" type="stmt"/>
        <line num="167" count="10" type="stmt"/>
        <line num="168" count="10" type="stmt"/>
        <line num="171" count="22" type="stmt"/>
        <line num="172" count="10" type="stmt"/>
        <line num="174" count="4" type="stmt"/>
        <line num="175" count="4" type="cond" truecount="2" falsecount="0"/>
        <line num="176" count="1" type="stmt"/>
        <line num="178" count="3" type="stmt"/>
        <line num="182" count="22" type="stmt"/>
        <line num="183" count="10" type="stmt"/>
        <line num="185" count="1" type="stmt"/>
        <line num="186" count="1" type="cond" truecount="1" falsecount="1"/>
        <line num="187" count="0" type="stmt"/>
        <line num="189" count="1" type="stmt"/>
        <line num="193" count="22" type="stmt"/>
        <line num="194" count="1" type="cond" truecount="1" falsecount="1"/>
        <line num="195" count="0" type="stmt"/>
        <line num="197" count="1" type="stmt"/>
        <line num="201" count="22" type="stmt"/>
        <line num="202" count="0" type="cond" truecount="0" falsecount="2"/>
        <line num="203" count="0" type="cond" truecount="0" falsecount="2"/>
        <line num="204" count="0" type="stmt"/>
        <line num="206" count="0" type="stmt"/>
        <line num="210" count="22" type="stmt"/>
        <line num="213" count="8" type="stmt"/>
        <line num="214" count="8" type="cond" truecount="1" falsecount="1"/>
        <line num="215" count="0" type="stmt"/>
        <line num="217" count="8" type="stmt"/>
      </file>
    </package>
    <package name="src.shared.lib.coordinates">
      <metrics statements="2" coveredstatements="1" conditionals="0" coveredconditionals="0" methods="2" coveredmethods="1"/>
      <file name="adapter.ts" path="/home/strocs/dev/cartografias-sonoras/cartografias-sonoras/src/shared/lib/coordinates/adapter.ts">
        <metrics statements="2" coveredstatements="1" conditionals="0" coveredconditionals="0" methods="2" coveredmethods="1"/>
        <line num="12" count="11" type="stmt"/>
        <line num="27" count="0" type="stmt"/>
      </file>
      <file name="index.ts" path="/home/strocs/dev/cartografias-sonoras/cartografias-sonoras/src/shared/lib/coordinates/index.ts">
        <metrics statements="0" coveredstatements="0" conditionals="0" coveredconditionals="0" methods="0" coveredmethods="0"/>
      </file>
    </package>
    <package name="src.shared.lib.motion">
      <metrics statements="37" coveredstatements="37" conditionals="16" coveredconditionals="16" methods="5" coveredmethods="5"/>
      <file name="index.ts" path="/home/strocs/dev/cartografias-sonoras/cartografias-sonoras/src/shared/lib/motion/index.ts">
        <metrics statements="0" coveredstatements="0" conditionals="0" coveredconditionals="0" methods="0" coveredmethods="0"/>
      </file>
      <file name="useSmoothProgressRing.ts" path="/home/strocs/dev/cartografias-sonoras/cartografias-sonoras/src/shared/lib/motion/useSmoothProgressRing.ts">
        <metrics statements="37" coveredstatements="37" conditionals="16" coveredconditionals="16" methods="5" coveredmethods="5"/>
        <line num="1" count="2" type="stmt"/>
        <line num="40" count="29" type="stmt"/>
        <line num="41" count="29" type="stmt"/>
        <line num="42" count="29" type="stmt"/>
        <line num="45" count="29" type="stmt"/>
        <line num="46" count="29" type="stmt"/>
        <line num="51" count="29" type="stmt"/>
        <line num="54" count="29" type="stmt"/>
        <line num="62" count="29" type="stmt"/>
        <line num="63" count="29" type="stmt"/>
        <line num="64" count="29" type="stmt"/>
        <line num="66" count="29" type="cond" truecount="2" falsecount="0"/>
        <line num="70" count="6" type="stmt"/>
        <line num="71" count="6" type="stmt"/>
        <line num="72" count="6" type="stmt"/>
        <line num="75" count="29" type="stmt"/>
        <line num="78" count="11" type="stmt"/>
        <line num="79" count="691" type="stmt"/>
        <line num="81" count="691" type="stmt"/>
        <line num="82" count="691" type="cond" truecount="2" falsecount="0"/>
        <line num="83" count="679" type="stmt"/>
        <line num="86" count="12" type="stmt"/>
        <line num="87" count="12" type="stmt"/>
        <line num="90" count="11" type="stmt"/>
        <line num="91" count="691" type="stmt"/>
        <line num="93" count="691" type="cond" truecount="2" falsecount="0"/>
        <line num="96" count="687" type="stmt"/>
        <line num="101" count="687" type="stmt"/>
        <line num="104" count="4" type="stmt"/>
        <line num="105" count="4" type="stmt"/>
        <line num="106" count="4" type="stmt"/>
        <line num="108" count="4" type="cond" truecount="2" falsecount="0"/>
        <line num="112" count="691" type="stmt"/>
        <line num="115" count="11" type="stmt"/>
        <line num="116" count="11" type="stmt"/>
        <line num="120" count="29" type="cond" truecount="2" falsecount="0"/>
        <line num="122" count="29" type="stmt"/>
      </file>
    </package>
    <package name="src.shared.lib.viewport">
      <metrics statements="37" coveredstatements="29" conditionals="16" coveredconditionals="13" methods="10" coveredmethods="5"/>
      <file name="MapContext.tsx" path="/home/strocs/dev/cartografias-sonoras/cartografias-sonoras/src/shared/lib/viewport/MapContext.tsx">
        <metrics statements="3" coveredstatements="3" conditionals="0" coveredconditionals="0" methods="1" coveredmethods="1"/>
        <line num="1" count="4" type="stmt"/>
        <line num="18" count="4" type="stmt"/>
        <line num="30" count="33" type="stmt"/>
      </file>
      <file name="MapViewport.tsx" path="/home/strocs/dev/cartografias-sonoras/cartografias-sonoras/src/shared/lib/viewport/MapViewport.tsx">
        <metrics statements="34" coveredstatements="26" conditionals="16" coveredconditionals="13" methods="9" coveredmethods="4"/>
        <line num="1" count="1" type="stmt"/>
        <line num="37" count="15" type="stmt"/>
        <line num="38" count="15" type="stmt"/>
        <line num="39" count="15" type="stmt"/>
        <line num="42" count="10" type="cond" truecount="3" falsecount="1"/>
        <line num="43" count="0" type="stmt"/>
        <line num="46" count="10" type="stmt"/>
        <line num="51" count="10" type="stmt"/>
        <line num="65" count="10" type="stmt"/>
        <line num="66" count="10" type="stmt"/>
        <line num="68" count="10" type="stmt"/>
        <line num="69" count="10" type="stmt"/>
        <line num="71" count="10" type="stmt"/>
        <line num="73" count="10" type="stmt"/>
        <line num="75" count="10" type="stmt"/>
        <line num="76" count="10" type="stmt"/>
        <line num="78" count="10" type="stmt"/>
        <line num="79" count="10" type="stmt"/>
        <line num="80" count="10" type="stmt"/>
        <line num="82" count="10" type="stmt"/>
        <line num="83" count="10" type="stmt"/>
        <line num="84" count="10" type="stmt"/>
        <line num="85" count="10" type="stmt"/>
        <line num="86" count="10" type="stmt"/>
        <line num="87" count="10" type="stmt"/>
        <line num="91" count="15" type="stmt"/>
        <line num="92" count="0" type="stmt"/>
        <line num="94" count="0" type="stmt"/>
        <line num="97" count="0" type="stmt"/>
        <line num="100" count="0" type="cond" truecount="0" falsecount="2"/>
        <line num="101" count="0" type="stmt"/>
        <line num="103" count="0" type="stmt"/>
        <line num="107" count="0" type="stmt"/>
        <line num="111" count="15" type="stmt"/>
      </file>
      <file name="index.ts" path="/home/strocs/dev/cartografias-sonoras/cartografias-sonoras/src/shared/lib/viewport/index.ts">
        <metrics statements="0" coveredstatements="0" conditionals="0" coveredconditionals="0" methods="0" coveredmethods="0"/>
      </file>
      <file name="types.ts" path="/home/strocs/dev/cartografias-sonoras/cartografias-sonoras/src/shared/lib/viewport/types.ts">
        <metrics statements="0" coveredstatements="0" conditionals="0" coveredconditionals="0" methods="0" coveredmethods="0"/>
      </file>
    </package>
    <package name="src.shared.ui">
      <metrics statements="5" coveredstatements="5" conditionals="6" coveredconditionals="6" methods="3" coveredmethods="3"/>
      <file name="VolumeControl.tsx" path="/home/strocs/dev/cartografias-sonoras/cartografias-sonoras/src/shared/ui/VolumeControl.tsx">
        <metrics statements="5" coveredstatements="5" conditionals="6" coveredconditionals="6" methods="3" coveredmethods="3"/>
        <line num="1" count="1" type="stmt"/>
        <line num="21" count="19" type="cond" truecount="2" falsecount="0"/>
        <line num="23" count="19" type="stmt"/>
        <line num="50" count="18" type="stmt"/>
        <line num="68" count="1" type="stmt"/>
      </file>
    </package>
    <package name="src.shared.utils">
      <metrics statements="28" coveredstatements="24" conditionals="14" coveredconditionals="11" methods="7" coveredmethods="7"/>
      <file name="cn.ts" path="/home/strocs/dev/cartografias-sonoras/cartografias-sonoras/src/shared/utils/cn.ts">
        <metrics statements="1" coveredstatements="1" conditionals="0" coveredconditionals="0" methods="1" coveredmethods="1"/>
        <line num="6" count="263" type="stmt"/>
      </file>
      <file name="validators.ts" path="/home/strocs/dev/cartografias-sonoras/cartografias-sonoras/src/shared/utils/validators.ts">
        <metrics statements="27" coveredstatements="23" conditionals="14" coveredconditionals="11" methods="6" coveredmethods="6"/>
        <line num="45" count="5" type="stmt"/>
        <line num="47" count="5" type="stmt"/>
        <line num="48" count="9" type="stmt"/>
        <line num="49" count="6" type="cond" truecount="2" falsecount="0"/>
        <line num="50" count="1" type="stmt"/>
        <line num="53" count="5" type="cond" truecount="1" falsecount="1"/>
        <line num="54" count="0" type="stmt"/>
        <line num="58" count="5" type="stmt"/>
        <line num="59" count="31" type="stmt"/>
        <line num="60" count="19" type="cond" truecount="2" falsecount="0"/>
        <line num="61" count="2" type="stmt"/>
        <line num="65" count="5" type="stmt"/>
        <line num="66" count="9" type="stmt"/>
        <line num="67" count="6" type="cond" truecount="1" falsecount="1"/>
        <line num="68" count="0" type="stmt"/>
        <line num="74" count="5" type="stmt"/>
        <line num="75" count="16" type="stmt"/>
        <line num="76" count="9" type="cond" truecount="1" falsecount="1"/>
        <line num="77" count="0" type="stmt"/>
        <line num="78" count="0" type="stmt"/>
        <line num="81" count="9" type="stmt"/>
        <line num="82" count="112" type="stmt"/>
        <line num="83" count="18" type="cond" truecount="2" falsecount="0"/>
        <line num="84" count="1" type="stmt"/>
        <line num="85" count="17" type="cond" truecount="2" falsecount="0"/>
        <line num="86" count="1" type="stmt"/>
        <line num="93" count="5" type="stmt"/>
      </file>
    </package>
    <package name="src.views.map">
      <metrics statements="5" coveredstatements="5" conditionals="2" coveredconditionals="1" methods="2" coveredmethods="2"/>
      <file name="MapPage.tsx" path="/home/strocs/dev/cartografias-sonoras/cartografias-sonoras/src/views/map/MapPage.tsx">
        <metrics statements="5" coveredstatements="5" conditionals="2" coveredconditionals="1" methods="2" coveredmethods="2"/>
        <line num="1" count="1" type="stmt"/>
        <line num="21" count="6" type="stmt"/>
        <line num="26" count="12" type="stmt"/>
        <line num="31" count="6" type="cond" truecount="1" falsecount="1"/>
        <line num="35" count="6" type="stmt"/>
      </file>
    </package>
    <package name="src.views.sound-tour">
      <metrics statements="3" coveredstatements="0" conditionals="0" coveredconditionals="0" methods="2" coveredmethods="0"/>
      <file name="SoundTour.tsx" path="/home/strocs/dev/cartografias-sonoras/cartografias-sonoras/src/views/sound-tour/SoundTour.tsx">
        <metrics statements="3" coveredstatements="0" conditionals="0" coveredconditionals="0" methods="2" coveredmethods="0"/>
        <line num="1" count="0" type="stmt"/>
        <line num="20" count="0" type="stmt"/>
        <line num="24" count="0" type="stmt"/>
      </file>
      <file name="index.ts" path="/home/strocs/dev/cartografias-sonoras/cartografias-sonoras/src/views/sound-tour/index.ts">
        <metrics statements="0" coveredstatements="0" conditionals="0" coveredconditionals="0" methods="0" coveredmethods="0"/>
      </file>
    </package>
  </project>
</coverage>
