{"/home/strocs/dev/cartografias-sonoras/cartografias-sonoras/src/env.d.ts": {"path":"/home/strocs/dev/cartografias-sonoras/cartografias-sonoras/src/env.d.ts","statementMap":{},"fnMap":{},"branchMap":{},"s":{},"f":{},"b":{},"meta":{"lastBranch":0,"lastFunction":0,"lastStatement":0,"seen":{},"fnNames":{}}}
,"/home/strocs/dev/cartografias-sonoras/cartografias-sonoras/src/features/maps/data/index.ts": {"path":"/home/strocs/dev/cartografias-sonoras/cartografias-sonoras/src/features/maps/data/index.ts","statementMap":{},"fnMap":{},"branchMap":{},"s":{},"f":{},"b":{},"meta":{"lastBranch":0,"lastFunction":0,"lastStatement":0,"seen":{},"fnNames":{}}}
,"/home/strocs/dev/cartografias-sonoras/cartografias-sonoras/src/features/maps/data/mock-maps.ts": {"path":"/home/strocs/dev/cartografias-sonoras/cartografias-sonoras/src/features/maps/data/mock-maps.ts","statementMap":{"0":{"start":{"line":7,"column":31},"end":{"line":44,"column":null}}},"fnMap":{},"branchMap":{},"s":{"0":3},"f":{},"b":{},"meta":{"lastBranch":0,"lastFunction":0,"lastStatement":1,"seen":{"s:7:31:44:Infinity":0},"fnNames":{}}}
,"/home/strocs/dev/cartografias-sonoras/cartografias-sonoras/src/features/maps/domain/index.ts": {"path":"/home/strocs/dev/cartografias-sonoras/cartografias-sonoras/src/features/maps/domain/index.ts","statementMap":{},"fnMap":{},"branchMap":{},"s":{},"f":{},"b":{},"meta":{"lastBranch":0,"lastFunction":0,"lastStatement":0,"seen":{},"fnNames":{}}}
,"/home/strocs/dev/cartografias-sonoras/cartografias-sonoras/src/features/maps/domain/invariants.ts": {"path":"/home/strocs/dev/cartografias-sonoras/cartografias-sonoras/src/features/maps/domain/invariants.ts","statementMap":{"0":{"start":{"line":4,"column":2},"end":{"line":6,"column":null}},"1":{"start":{"line":5,"column":4},"end":{"line":5,"column":null}}},"fnMap":{"0":{"name":"checkMapInvariants","decl":{"start":{"line":3,"column":16},"end":{"line":3,"column":35}},"loc":{"start":{"line":3,"column":51},"end":{"line":7,"column":null}},"line":3}},"branchMap":{"0":{"loc":{"start":{"line":4,"column":2},"end":{"line":6,"column":null}},"type":"if","locations":[{"start":{"line":4,"column":2},"end":{"line":6,"column":null}},{"start":{},"end":{}}],"line":4},"1":{"loc":{"start":{"line":4,"column":6},"end":{"line":4,"column":67}},"type":"binary-expr","locations":[{"start":{"line":4,"column":6},"end":{"line":4,"column":35}},{"start":{"line":4,"column":35},"end":{"line":4,"column":67}}],"line":4}},"s":{"0":2,"1":1},"f":{"0":2},"b":{"0":[1,1],"1":[2,1]},"meta":{"lastBranch":2,"lastFunction":1,"lastStatement":2,"seen":{"f:3:16:3:35":0,"b:4:2:6:Infinity:undefined:undefined:undefined:undefined":0,"s:4:2:6:Infinity":0,"b:4:6:4:35:4:35:4:67":1,"s:5:4:5:Infinity":1},"fnNames":{}}}
,"/home/strocs/dev/cartografias-sonoras/cartografias-sonoras/src/features/maps/domain/schema.ts": {"path":"/home/strocs/dev/cartografias-sonoras/cartografias-sonoras/src/features/maps/domain/schema.ts","statementMap":{"0":{"start":{"line":3,"column":30},"end":{"line":19,"column":null}},"1":{"start":{"line":9,"column":6},"end":{"line":14,"column":null}},"2":{"start":{"line":21,"column":25},"end":{"line":30,"column":null}}},"fnMap":{"0":{"name":"(anonymous_0)","decl":{"start":{"line":8,"column":13},"end":{"line":8,"column":52}},"loc":{"start":{"line":9,"column":6},"end":{"line":14,"column":null}},"line":9}},"branchMap":{"0":{"loc":{"start":{"line":9,"column":6},"end":{"line":14,"column":null}},"type":"binary-expr","locations":[{"start":{"line":9,"column":6},"end":{"line":9,"column":null}},{"start":{"line":10,"column":8},"end":{"line":10,"column":null}},{"start":{"line":11,"column":8},"end":{"line":11,"column":null}},{"start":{"line":12,"column":8},"end":{"line":12,"column":null}},{"start":{"line":13,"column":8},"end":{"line":13,"column":null}},{"start":{"line":14,"column":8},"end":{"line":14,"column":null}}],"line":9}},"s":{"0":2,"1":3,"2":2},"f":{"0":3},"b":{"0":[3,3,3,3,3,3]},"meta":{"lastBranch":1,"lastFunction":1,"lastStatement":3,"seen":{"s:3:30:19:Infinity":0,"f:8:13:8:52":0,"s:9:6:14:Infinity":1,"b:9:6:9:Infinity:10:8:10:Infinity:11:8:11:Infinity:12:8:12:Infinity:13:8:13:Infinity:14:8:14:Infinity":0,"s:21:25:30:Infinity":2},"fnNames":{}}}
,"/home/strocs/dev/cartografias-sonoras/cartografias-sonoras/src/features/maps/domain/types.ts": {"path":"/home/strocs/dev/cartografias-sonoras/cartografias-sonoras/src/features/maps/domain/types.ts","statementMap":{},"fnMap":{},"branchMap":{},"s":{},"f":{},"b":{},"meta":{"lastBranch":0,"lastFunction":0,"lastStatement":0,"seen":{},"fnNames":{}}}
,"/home/strocs/dev/cartografias-sonoras/cartografias-sonoras/src/features/maps/ui/ActiveMapLayout.tsx": {"path":"/home/strocs/dev/cartografias-sonoras/cartografias-sonoras/src/features/maps/ui/ActiveMapLayout.tsx","statementMap":{"0":{"start":{"line":1,"column":0},"end":{"line":1,"column":null}},"1":{"start":{"line":38,"column":43},"end":{"line":41,"column":null}},"2":{"start":{"line":43,"column":26},"end":{"line":46,"column":null}},"3":{"start":{"line":43,"column":49},"end":{"line":46,"column":4}},"4":{"start":{"line":48,"column":25},"end":{"line":50,"column":null}},"5":{"start":{"line":52,"column":2},"end":{"line":75,"column":null}}},"fnMap":{"0":{"name":"ActiveMapLayout","decl":{"start":{"line":29,"column":16},"end":{"line":29,"column":32}},"loc":{"start":{"line":37,"column":25},"end":{"line":77,"column":null}},"line":37},"1":{"name":"(anonymous_1)","decl":{"start":{"line":43,"column":33},"end":{"line":43,"column":38}},"loc":{"start":{"line":43,"column":49},"end":{"line":46,"column":4}},"line":43}},"branchMap":{"0":{"loc":{"start":{"line":48,"column":25},"end":{"line":50,"column":null}},"type":"cond-expr","locations":[{"start":{"line":49,"column":6},"end":{"line":49,"column":null}},{"start":{"line":50,"column":6},"end":{"line":50,"column":null}}],"line":48}},"s":{"0":0,"1":0,"2":0,"3":0,"4":0,"5":0},"f":{"0":0,"1":0},"b":{"0":[0,0]},"meta":{"lastBranch":1,"lastFunction":2,"lastStatement":6,"seen":{"s:1:0:1:Infinity":0,"f:29:16:29:32":0,"s:38:43:41:Infinity":1,"s:43:26:46:Infinity":2,"f:43:33:43:38":1,"s:43:49:46:4":3,"s:48:25:50:Infinity":4,"b:49:6:49:Infinity:50:6:50:Infinity":0,"s:52:2:75:Infinity":5},"fnNames":{}}}
,"/home/strocs/dev/cartografias-sonoras/cartografias-sonoras/src/features/maps/ui/MapControls.tsx": {"path":"/home/strocs/dev/cartografias-sonoras/cartografias-sonoras/src/features/maps/ui/MapControls.tsx","statementMap":{"0":{"start":{"line":1,"column":0},"end":{"line":1,"column":null}},"1":{"start":{"line":14,"column":10},"end":{"line":14,"column":null}},"2":{"start":{"line":16,"column":2},"end":{"line":47,"column":null}},"3":{"start":{"line":25,"column":23},"end":{"line":25,"column":null}},"4":{"start":{"line":32,"column":23},"end":{"line":32,"column":null}},"5":{"start":{"line":40,"column":10},"end":{"line":40,"column":null}},"6":{"start":{"line":64,"column":2},"end":{"line":79,"column":null}},"7":{"start":{"line":84,"column":2},"end":{"line":96,"column":null}},"8":{"start":{"line":101,"column":2},"end":{"line":113,"column":null}},"9":{"start":{"line":118,"column":2},"end":{"line":131,"column":null}}},"fnMap":{"0":{"name":"MapControls","decl":{"start":{"line":13,"column":16},"end":{"line":13,"column":28}},"loc":{"start":{"line":13,"column":69},"end":{"line":49,"column":null}},"line":13},"1":{"name":"(anonymous_1)","decl":{"start":{"line":25,"column":8},"end":{"line":25,"column":23}},"loc":{"start":{"line":25,"column":23},"end":{"line":25,"column":null}},"line":25},"2":{"name":"(anonymous_2)","decl":{"start":{"line":32,"column":8},"end":{"line":32,"column":23}},"loc":{"start":{"line":32,"column":23},"end":{"line":32,"column":null}},"line":32},"3":{"name":"(anonymous_3)","decl":{"start":{"line":39,"column":8},"end":{"line":39,"column":null}},"loc":{"start":{"line":40,"column":10},"end":{"line":40,"column":null}},"line":40},"4":{"name":"ControlButton","decl":{"start":{"line":58,"column":9},"end":{"line":58,"column":23}},"loc":{"start":{"line":63,"column":23},"end":{"line":81,"column":null}},"line":63},"5":{"name":"PlusIcon","decl":{"start":{"line":83,"column":9},"end":{"line":83,"column":20}},"loc":{"start":{"line":83,"column":20},"end":{"line":98,"column":null}},"line":83},"6":{"name":"MinusIcon","decl":{"start":{"line":100,"column":9},"end":{"line":100,"column":21}},"loc":{"start":{"line":100,"column":21},"end":{"line":115,"column":null}},"line":100},"7":{"name":"CenterIcon","decl":{"start":{"line":117,"column":9},"end":{"line":117,"column":22}},"loc":{"start":{"line":117,"column":22},"end":{"line":133,"column":null}},"line":117}},"branchMap":{"0":{"loc":{"start":{"line":40,"column":10},"end":{"line":40,"column":null}},"type":"cond-expr","locations":[{"start":{"line":40,"column":33},"end":{"line":40,"column":58}},{"start":{"line":40,"column":58},"end":{"line":40,"column":null}}],"line":40}},"s":{"0":1,"1":4,"2":4,"3":1,"4":1,"5":2,"6":12,"7":4,"8":4,"9":4},"f":{"0":4,"1":1,"2":1,"3":2,"4":12,"5":4,"6":4,"7":4},"b":{"0":[1,1]},"meta":{"lastBranch":1,"lastFunction":8,"lastStatement":10,"seen":{"s:1:0:1:Infinity":0,"f:13:16:13:28":0,"s:14:10:14:Infinity":1,"s:16:2:47:Infinity":2,"f:25:8:25:23":1,"s:25:23:25:Infinity":3,"f:32:8:32:23":2,"s:32:23:32:Infinity":4,"f:39:8:39:Infinity":3,"s:40:10:40:Infinity":5,"b:40:33:40:58:40:58:40:Infinity":0,"f:58:9:58:23":4,"s:64:2:79:Infinity":6,"f:83:9:83:20":5,"s:84:2:96:Infinity":7,"f:100:9:100:21":6,"s:101:2:113:Infinity":8,"f:117:9:117:22":7,"s:118:2:131:Infinity":9},"fnNames":{}}}
,"/home/strocs/dev/cartografias-sonoras/cartografias-sonoras/src/features/maps/ui/RightRail.tsx": {"path":"/home/strocs/dev/cartografias-sonoras/cartografias-sonoras/src/features/maps/ui/RightRail.tsx","statementMap":{"0":{"start":{"line":1,"column":0},"end":{"line":1,"column":null}},"1":{"start":{"line":13,"column":23},"end":{"line":13,"column":null}},"2":{"start":{"line":13,"column":44},"end":{"line":13,"column":67}},"3":{"start":{"line":15,"column":2},"end":{"line":42,"column":null}},"4":{"start":{"line":19,"column":10},"end":{"line":39,"column":null}}},"fnMap":{"0":{"name":"RightRail","decl":{"start":{"line":12,"column":16},"end":{"line":12,"column":26}},"loc":{"start":{"line":12,"column":64},"end":{"line":44,"column":null}},"line":12},"1":{"name":"(anonymous_1)","decl":{"start":{"line":13,"column":28},"end":{"line":13,"column":36}},"loc":{"start":{"line":13,"column":44},"end":{"line":13,"column":67}},"line":13},"2":{"name":"(anonymous_2)","decl":{"start":{"line":18,"column":22},"end":{"line":18,"column":27}},"loc":{"start":{"line":19,"column":10},"end":{"line":39,"column":null}},"line":19}},"branchMap":{},"s":{"0":1,"1":4,"2":12,"3":4,"4":8},"f":{"0":4,"1":12,"2":8},"b":{},"meta":{"lastBranch":0,"lastFunction":3,"lastStatement":5,"seen":{"s:1:0:1:Infinity":0,"f:12:16:12:26":0,"s:13:23:13:Infinity":1,"f:13:28:13:36":1,"s:13:44:13:67":2,"s:15:2:42:Infinity":3,"f:18:22:18:27":2,"s:19:10:39:Infinity":4},"fnNames":{}}}
,"/home/strocs/dev/cartografias-sonoras/cartografias-sonoras/src/features/maps/ui/index.ts": {"path":"/home/strocs/dev/cartografias-sonoras/cartografias-sonoras/src/features/maps/ui/index.ts","statementMap":{},"fnMap":{},"branchMap":{},"s":{},"f":{},"b":{},"meta":{"lastBranch":0,"lastFunction":0,"lastStatement":0,"seen":{},"fnNames":{}}}
,"/home/strocs/dev/cartografias-sonoras/cartografias-sonoras/src/features/paths/data/index.ts": {"path":"/home/strocs/dev/cartografias-sonoras/cartografias-sonoras/src/features/paths/data/index.ts","statementMap":{},"fnMap":{},"branchMap":{},"s":{},"f":{},"b":{},"meta":{"lastBranch":0,"lastFunction":0,"lastStatement":0,"seen":{},"fnNames":{}}}
,"/home/strocs/dev/cartografias-sonoras/cartografias-sonoras/src/features/paths/data/mock-paths.ts": {"path":"/home/strocs/dev/cartografias-sonoras/cartografias-sonoras/src/features/paths/data/mock-paths.ts","statementMap":{"0":{"start":{"line":6,"column":33},"end":{"line":92,"column":null}}},"fnMap":{},"branchMap":{},"s":{"0":2},"f":{},"b":{},"meta":{"lastBranch":0,"lastFunction":0,"lastStatement":1,"seen":{"s:6:33:92:Infinity":0},"fnNames":{}}}
,"/home/strocs/dev/cartografias-sonoras/cartografias-sonoras/src/features/paths/domain/index.ts": {"path":"/home/strocs/dev/cartografias-sonoras/cartografias-sonoras/src/features/paths/domain/index.ts","statementMap":{},"fnMap":{},"branchMap":{},"s":{},"f":{},"b":{},"meta":{"lastBranch":0,"lastFunction":0,"lastStatement":0,"seen":{},"fnNames":{}}}
,"/home/strocs/dev/cartografias-sonoras/cartografias-sonoras/src/features/paths/domain/invariants.ts": {"path":"/home/strocs/dev/cartografias-sonoras/cartografias-sonoras/src/features/paths/domain/invariants.ts","statementMap":{"0":{"start":{"line":4,"column":2},"end":{"line":6,"column":null}},"1":{"start":{"line":5,"column":4},"end":{"line":5,"column":null}},"2":{"start":{"line":8,"column":2},"end":{"line":10,"column":null}},"3":{"start":{"line":9,"column":4},"end":{"line":9,"column":null}}},"fnMap":{"0":{"name":"checkPathInvariants","decl":{"start":{"line":3,"column":16},"end":{"line":3,"column":36}},"loc":{"start":{"line":3,"column":54},"end":{"line":11,"column":null}},"line":3}},"branchMap":{"0":{"loc":{"start":{"line":4,"column":2},"end":{"line":6,"column":null}},"type":"if","locations":[{"start":{"line":4,"column":2},"end":{"line":6,"column":null}},{"start":{},"end":{}}],"line":4},"1":{"loc":{"start":{"line":4,"column":6},"end":{"line":4,"column":55}},"type":"binary-expr","locations":[{"start":{"line":4,"column":6},"end":{"line":4,"column":29}},{"start":{"line":4,"column":29},"end":{"line":4,"column":55}}],"line":4},"2":{"loc":{"start":{"line":8,"column":2},"end":{"line":10,"column":null}},"type":"if","locations":[{"start":{"line":8,"column":2},"end":{"line":10,"column":null}},{"start":{},"end":{}}],"line":8}},"s":{"0":3,"1":1,"2":2,"3":1},"f":{"0":3},"b":{"0":[1,2],"1":[3,2],"2":[1,1]},"meta":{"lastBranch":3,"lastFunction":1,"lastStatement":4,"seen":{"f:3:16:3:36":0,"b:4:2:6:Infinity:undefined:undefined:undefined:undefined":0,"s:4:2:6:Infinity":0,"b:4:6:4:29:4:29:4:55":1,"s:5:4:5:Infinity":1,"b:8:2:10:Infinity:undefined:undefined:undefined:undefined":2,"s:8:2:10:Infinity":2,"s:9:4:9:Infinity":3},"fnNames":{}}}
,"/home/strocs/dev/cartografias-sonoras/cartografias-sonoras/src/features/paths/domain/schema.ts": {"path":"/home/strocs/dev/cartografias-sonoras/cartografias-sonoras/src/features/paths/domain/schema.ts","statementMap":{"0":{"start":{"line":3,"column":27},"end":{"line":9,"column":null}},"1":{"start":{"line":11,"column":26},"end":{"line":22,"column":null}}},"fnMap":{},"branchMap":{},"s":{"0":2,"1":2},"f":{},"b":{},"meta":{"lastBranch":0,"lastFunction":0,"lastStatement":2,"seen":{"s:3:27:9:Infinity":0,"s:11:26:22:Infinity":1},"fnNames":{}}}
,"/home/strocs/dev/cartografias-sonoras/cartografias-sonoras/src/features/paths/domain/types.ts": {"path":"/home/strocs/dev/cartografias-sonoras/cartografias-sonoras/src/features/paths/domain/types.ts","statementMap":{},"fnMap":{},"branchMap":{},"s":{},"f":{},"b":{},"meta":{"lastBranch":0,"lastFunction":0,"lastStatement":0,"seen":{},"fnNames":{}}}
,"/home/strocs/dev/cartografias-sonoras/cartografias-sonoras/src/features/paths/ui/PathOverlay.tsx": {"path":"/home/strocs/dev/cartografias-sonoras/cartografias-sonoras/src/features/paths/ui/PathOverlay.tsx","statementMap":{"0":{"start":{"line":1,"column":0},"end":{"line":1,"column":null}},"1":{"start":{"line":15,"column":21},"end":{"line":15,"column":null}},"2":{"start":{"line":16,"column":23},"end":{"line":16,"column":null}},"3":{"start":{"line":17,"column":21},"end":{"line":17,"column":null}},"4":{"start":{"line":18,"column":25},"end":{"line":18,"column":null}},"5":{"start":{"line":21,"column":22},"end":{"line":21,"column":null}},"6":{"start":{"line":23,"column":2},"end":{"line":84,"column":null}},"7":{"start":{"line":24,"column":4},"end":{"line":26,"column":null}},"8":{"start":{"line":25,"column":6},"end":{"line":25,"column":null}},"9":{"start":{"line":28,"column":24},"end":{"line":28,"column":null}},"10":{"start":{"line":29,"column":17},"end":{"line":29,"column":null}},"11":{"start":{"line":30,"column":4},"end":{"line":32,"column":null}},"12":{"start":{"line":31,"column":6},"end":{"line":31,"column":null}},"13":{"start":{"line":34,"column":16},"end":{"line":34,"column":null}},"14":{"start":{"line":35,"column":4},"end":{"line":35,"column":null}},"15":{"start":{"line":36,"column":4},"end":{"line":36,"column":null}},"16":{"start":{"line":37,"column":4},"end":{"line":37,"column":null}},"17":{"start":{"line":38,"column":4},"end":{"line":41,"column":null}},"18":{"start":{"line":43,"column":18},"end":{"line":43,"column":null}},"19":{"start":{"line":44,"column":4},"end":{"line":44,"column":null}},"20":{"start":{"line":47,"column":6},"end":{"line":49,"column":null}},"21":{"start":{"line":48,"column":8},"end":{"line":48,"column":null}},"22":{"start":{"line":51,"column":6},"end":{"line":73,"column":null}},"23":{"start":{"line":52,"column":8},"end":{"line":54,"column":null}},"24":{"start":{"line":53,"column":10},"end":{"line":53,"column":null}},"25":{"start":{"line":56,"column":28},"end":{"line":58,"column":null}},"26":{"start":{"line":56,"column":45},"end":{"line":57,"column":null}},"27":{"start":{"line":59,"column":18},"end":{"line":59,"column":null}},"28":{"start":{"line":60,"column":23},"end":{"line":63,"column":null}},"29":{"start":{"line":64,"column":8},"end":{"line":64,"column":null}},"30":{"start":{"line":65,"column":8},"end":{"line":65,"column":null}},"31":{"start":{"line":66,"column":8},"end":{"line":66,"column":null}},"32":{"start":{"line":67,"column":8},"end":{"line":67,"column":null}},"33":{"start":{"line":68,"column":8},"end":{"line":68,"column":null}},"34":{"start":{"line":69,"column":8},"end":{"line":69,"column":null}},"35":{"start":{"line":70,"column":8},"end":{"line":70,"column":null}},"36":{"start":{"line":71,"column":8},"end":{"line":71,"column":null}},"37":{"start":{"line":72,"column":8},"end":{"line":72,"column":null}},"38":{"start":{"line":76,"column":4},"end":{"line":76,"column":null}},"39":{"start":{"line":77,"column":4},"end":{"line":77,"column":null}},"40":{"start":{"line":78,"column":4},"end":{"line":78,"column":null}},"41":{"start":{"line":80,"column":4},"end":{"line":83,"column":null}},"42":{"start":{"line":81,"column":6},"end":{"line":81,"column":null}},"43":{"start":{"line":82,"column":6},"end":{"line":82,"column":null}},"44":{"start":{"line":86,"column":2},"end":{"line":86,"column":null}},"45":{"start":{"line":93,"column":22},"end":{"line":95,"column":null}},"46":{"start":{"line":94,"column":4},"end":{"line":94,"column":null}},"47":{"start":{"line":97,"column":2},"end":{"line":99,"column":null}},"48":{"start":{"line":98,"column":4},"end":{"line":98,"column":null}},"49":{"start":{"line":101,"column":34},"end":{"line":103,"column":null}},"50":{"start":{"line":105,"column":2},"end":{"line":121,"column":null}},"51":{"start":{"line":105,"column":15},"end":{"line":105,"column":18}},"52":{"start":{"line":106,"column":20},"end":{"line":106,"column":null}},"53":{"start":{"line":107,"column":17},"end":{"line":107,"column":null}},"54":{"start":{"line":108,"column":17},"end":{"line":108,"column":null}},"55":{"start":{"line":109,"column":18},"end":{"line":109,"column":null}},"56":{"start":{"line":111,"column":16},"end":{"line":114,"column":null}},"57":{"start":{"line":115,"column":16},"end":{"line":118,"column":null}},"58":{"start":{"line":120,"column":4},"end":{"line":120,"column":null}},"59":{"start":{"line":123,"column":2},"end":{"line":123,"column":null}}},"fnMap":{"0":{"name":"PathOverlay","decl":{"start":{"line":20,"column":16},"end":{"line":20,"column":28}},"loc":{"start":{"line":20,"column":57},"end":{"line":87,"column":null}},"line":20},"1":{"name":"(anonymous_1)","decl":{"start":{"line":23,"column":2},"end":{"line":23,"column":23}},"loc":{"start":{"line":23,"column":23},"end":{"line":84,"column":3}},"line":23},"2":{"name":"renderPaths","decl":{"start":{"line":46,"column":13},"end":{"line":46,"column":27}},"loc":{"start":{"line":46,"column":27},"end":{"line":74,"column":null}},"line":46},"3":{"name":"(anonymous_3)","decl":{"start":{"line":56,"column":40},"end":{"line":56,"column":45}},"loc":{"start":{"line":56,"column":45},"end":{"line":57,"column":null}},"line":56},"4":{"name":"(anonymous_4)","decl":{"start":{"line":80,"column":4},"end":{"line":80,"column":17}},"loc":{"start":{"line":80,"column":17},"end":{"line":83,"column":null}},"line":80},"5":{"name":"buildSmoothPath","decl":{"start":{"line":89,"column":9},"end":{"line":89,"column":null}},"loc":{"start":{"line":92,"column":10},"end":{"line":124,"column":null}},"line":92},"6":{"name":"(anonymous_6)","decl":{"start":{"line":93,"column":29},"end":{"line":93,"column":34}},"loc":{"start":{"line":94,"column":4},"end":{"line":94,"column":null}},"line":94}},"branchMap":{"0":{"loc":{"start":{"line":24,"column":4},"end":{"line":26,"column":null}},"type":"if","locations":[{"start":{"line":24,"column":4},"end":{"line":26,"column":null}},{"start":{},"end":{}}],"line":24},"1":{"loc":{"start":{"line":30,"column":4},"end":{"line":32,"column":null}},"type":"if","locations":[{"start":{"line":30,"column":4},"end":{"line":32,"column":null}},{"start":{},"end":{}}],"line":30},"2":{"loc":{"start":{"line":52,"column":8},"end":{"line":54,"column":null}},"type":"if","locations":[{"start":{"line":52,"column":8},"end":{"line":54,"column":null}},{"start":{},"end":{}}],"line":52},"3":{"loc":{"start":{"line":97,"column":2},"end":{"line":99,"column":null}},"type":"if","locations":[{"start":{"line":97,"column":2},"end":{"line":99,"column":null}},{"start":{},"end":{}}],"line":97},"4":{"loc":{"start":{"line":108,"column":17},"end":{"line":108,"column":null}},"type":"cond-expr","locations":[{"start":{"line":108,"column":25},"end":{"line":108,"column":46}},{"start":{"line":108,"column":46},"end":{"line":108,"column":null}}],"line":108},"5":{"loc":{"start":{"line":109,"column":18},"end":{"line":109,"column":null}},"type":"cond-expr","locations":[{"start":{"line":109,"column":47},"end":{"line":109,"column":68}},{"start":{"line":109,"column":68},"end":{"line":109,"column":null}}],"line":109}},"s":{"0":0,"1":0,"2":0,"3":0,"4":0,"5":0,"6":0,"7":0,"8":0,"9":0,"10":0,"11":0,"12":0,"13":0,"14":0,"15":0,"16":0,"17":0,"18":0,"19":0,"20":0,"21":0,"22":0,"23":0,"24":0,"25":0,"26":0,"27":0,"28":0,"29":0,"30":0,"31":0,"32":0,"33":0,"34":0,"35":0,"36":0,"37":0,"38":0,"39":0,"40":0,"41":0,"42":0,"43":0,"44":0,"45":0,"46":0,"47":0,"48":0,"49":0,"50":0,"51":0,"52":0,"53":0,"54":0,"55":0,"56":0,"57":0,"58":0,"59":0},"f":{"0":0,"1":0,"2":0,"3":0,"4":0,"5":0,"6":0},"b":{"0":[0,0],"1":[0,0],"2":[0,0],"3":[0,0],"4":[0,0],"5":[0,0]},"meta":{"lastBranch":6,"lastFunction":7,"lastStatement":60,"seen":{"s:1:0:1:Infinity":0,"s:15:21:15:Infinity":1,"s:16:23:16:Infinity":2,"s:17:21:17:Infinity":3,"s:18:25:18:Infinity":4,"f:20:16:20:28":0,"s:21:22:21:Infinity":5,"s:23:2:84:Infinity":6,"f:23:2:23:23":1,"b:24:4:26:Infinity:undefined:undefined:undefined:undefined":0,"s:24:4:26:Infinity":7,"s:25:6:25:Infinity":8,"s:28:24:28:Infinity":9,"s:29:17:29:Infinity":10,"b:30:4:32:Infinity:undefined:undefined:undefined:undefined":1,"s:30:4:32:Infinity":11,"s:31:6:31:Infinity":12,"s:34:16:34:Infinity":13,"s:35:4:35:Infinity":14,"s:36:4:36:Infinity":15,"s:37:4:37:Infinity":16,"s:38:4:41:Infinity":17,"s:43:18:43:Infinity":18,"s:44:4:44:Infinity":19,"f:46:13:46:27":2,"s:47:6:49:Infinity":20,"s:48:8:48:Infinity":21,"s:51:6:73:Infinity":22,"b:52:8:54:Infinity:undefined:undefined:undefined:undefined":2,"s:52:8:54:Infinity":23,"s:53:10:53:Infinity":24,"s:56:28:58:Infinity":25,"f:56:40:56:45":3,"s:56:45:57:Infinity":26,"s:59:18:59:Infinity":27,"s:60:23:63:Infinity":28,"s:64:8:64:Infinity":29,"s:65:8:65:Infinity":30,"s:66:8:66:Infinity":31,"s:67:8:67:Infinity":32,"s:68:8:68:Infinity":33,"s:69:8:69:Infinity":34,"s:70:8:70:Infinity":35,"s:71:8:71:Infinity":36,"s:72:8:72:Infinity":37,"s:76:4:76:Infinity":38,"s:77:4:77:Infinity":39,"s:78:4:78:Infinity":40,"s:80:4:83:Infinity":41,"f:80:4:80:17":4,"s:81:6:81:Infinity":42,"s:82:6:82:Infinity":43,"s:86:2:86:Infinity":44,"f:89:9:89:Infinity":5,"s:93:22:95:Infinity":45,"f:93:29:93:34":6,"s:94:4:94:Infinity":46,"b:97:2:99:Infinity:undefined:undefined:undefined:undefined":3,"s:97:2:99:Infinity":47,"s:98:4:98:Infinity":48,"s:101:34:103:Infinity":49,"s:105:2:121:Infinity":50,"s:105:15:105:18":51,"s:106:20:106:Infinity":52,"s:107:17:107:Infinity":53,"s:108:17:108:Infinity":54,"b:108:25:108:46:108:46:108:Infinity":4,"s:109:18:109:Infinity":55,"b:109:47:109:68:109:68:109:Infinity":5,"s:111:16:114:Infinity":56,"s:115:16:118:Infinity":57,"s:120:4:120:Infinity":58,"s:123:2:123:Infinity":59},"fnNames":{}}}
,"/home/strocs/dev/cartografias-sonoras/cartografias-sonoras/src/features/paths/ui/index.ts": {"path":"/home/strocs/dev/cartografias-sonoras/cartografias-sonoras/src/features/paths/ui/index.ts","statementMap":{},"fnMap":{},"branchMap":{},"s":{},"f":{},"b":{},"meta":{"lastBranch":0,"lastFunction":0,"lastStatement":0,"seen":{},"fnNames":{}}}
,"/home/strocs/dev/cartografias-sonoras/cartografias-sonoras/src/features/sound-pieces/data/index.ts": {"path":"/home/strocs/dev/cartografias-sonoras/cartografias-sonoras/src/features/sound-pieces/data/index.ts","statementMap":{},"fnMap":{},"branchMap":{},"s":{},"f":{},"b":{},"meta":{"lastBranch":0,"lastFunction":0,"lastStatement":0,"seen":{},"fnNames":{}}}
,"/home/strocs/dev/cartografias-sonoras/cartografias-sonoras/src/features/sound-pieces/data/mock-sound-pieces.ts": {"path":"/home/strocs/dev/cartografias-sonoras/cartografias-sonoras/src/features/sound-pieces/data/mock-sound-pieces.ts","statementMap":{"0":{"start":{"line":3,"column":20},"end":{"line":3,"column":null}},"1":{"start":{"line":5,"column":45},"end":{"line":33,"column":null}}},"fnMap":{},"branchMap":{},"s":{"0":1,"1":1},"f":{},"b":{},"meta":{"lastBranch":0,"lastFunction":0,"lastStatement":2,"seen":{"s:3:20:3:Infinity":0,"s:5:45:33:Infinity":1},"fnNames":{}}}
,"/home/strocs/dev/cartografias-sonoras/cartografias-sonoras/src/features/sound-pieces/domain/index.ts": {"path":"/home/strocs/dev/cartografias-sonoras/cartografias-sonoras/src/features/sound-pieces/domain/index.ts","statementMap":{},"fnMap":{},"branchMap":{},"s":{},"f":{},"b":{},"meta":{"lastBranch":0,"lastFunction":0,"lastStatement":0,"seen":{},"fnNames":{}}}
,"/home/strocs/dev/cartografias-sonoras/cartografias-sonoras/src/features/sound-pieces/domain/invariants.ts": {"path":"/home/strocs/dev/cartografias-sonoras/cartografias-sonoras/src/features/sound-pieces/domain/invariants.ts","statementMap":{"0":{"start":{"line":4,"column":2},"end":{"line":6,"column":null}},"1":{"start":{"line":5,"column":4},"end":{"line":5,"column":null}}},"fnMap":{"0":{"name":"checkSoundPieceInvariants","decl":{"start":{"line":3,"column":16},"end":{"line":3,"column":42}},"loc":{"start":{"line":3,"column":72},"end":{"line":7,"column":null}},"line":3}},"branchMap":{"0":{"loc":{"start":{"line":4,"column":2},"end":{"line":6,"column":null}},"type":"if","locations":[{"start":{"line":4,"column":2},"end":{"line":6,"column":null}},{"start":{},"end":{}}],"line":4},"1":{"loc":{"start":{"line":4,"column":6},"end":{"line":4,"column":67}},"type":"binary-expr","locations":[{"start":{"line":4,"column":6},"end":{"line":4,"column":35}},{"start":{"line":4,"column":35},"end":{"line":4,"column":67}}],"line":4}},"s":{"0":2,"1":1},"f":{"0":2},"b":{"0":[1,1],"1":[2,1]},"meta":{"lastBranch":2,"lastFunction":1,"lastStatement":2,"seen":{"f:3:16:3:42":0,"b:4:2:6:Infinity:undefined:undefined:undefined:undefined":0,"s:4:2:6:Infinity":0,"b:4:6:4:35:4:35:4:67":1,"s:5:4:5:Infinity":1},"fnNames":{}}}
,"/home/strocs/dev/cartografias-sonoras/cartografias-sonoras/src/features/sound-pieces/domain/schema.ts": {"path":"/home/strocs/dev/cartografias-sonoras/cartografias-sonoras/src/features/sound-pieces/domain/schema.ts","statementMap":{"0":{"start":{"line":3,"column":32},"end":{"line":13,"column":null}}},"fnMap":{},"branchMap":{},"s":{"0":2},"f":{},"b":{},"meta":{"lastBranch":0,"lastFunction":0,"lastStatement":1,"seen":{"s:3:32:13:Infinity":0},"fnNames":{}}}
,"/home/strocs/dev/cartografias-sonoras/cartografias-sonoras/src/features/sound-pieces/domain/types.ts": {"path":"/home/strocs/dev/cartografias-sonoras/cartografias-sonoras/src/features/sound-pieces/domain/types.ts","statementMap":{},"fnMap":{},"branchMap":{},"s":{},"f":{},"b":{},"meta":{"lastBranch":0,"lastFunction":0,"lastStatement":0,"seen":{},"fnNames":{}}}
,"/home/strocs/dev/cartografias-sonoras/cartografias-sonoras/src/features/sound-pieces/ui/AudioBottomPlayer.tsx": {"path":"/home/strocs/dev/cartografias-sonoras/cartografias-sonoras/src/features/sound-pieces/ui/AudioBottomPlayer.tsx","statementMap":{"0":{"start":{"line":1,"column":0},"end":{"line":1,"column":null}},"1":{"start":{"line":18,"column":24},"end":{"line":22,"column":null}},"2":{"start":{"line":27,"column":2},"end":{"line":28,"column":null}},"3":{"start":{"line":33,"column":2},"end":{"line":33,"column":null}},"4":{"start":{"line":39,"column":8},"end":{"line":39,"column":null}},"5":{"start":{"line":40,"column":8},"end":{"line":40,"column":null}},"6":{"start":{"line":41,"column":8},"end":{"line":41,"column":null}},"7":{"start":{"line":41,"column":48},"end":{"line":41,"column":67}},"8":{"start":{"line":42,"column":8},"end":{"line":42,"column":null}},"9":{"start":{"line":42,"column":45},"end":{"line":42,"column":61}},"10":{"start":{"line":43,"column":8},"end":{"line":43,"column":null}},"11":{"start":{"line":43,"column":38},"end":{"line":43,"column":46}},"12":{"start":{"line":44,"column":8},"end":{"line":44,"column":null}},"13":{"start":{"line":44,"column":37},"end":{"line":44,"column":44}},"14":{"start":{"line":46,"column":8},"end":{"line":46,"column":null}},"15":{"start":{"line":46,"column":41},"end":{"line":46,"column":52}},"16":{"start":{"line":47,"column":8},"end":{"line":47,"column":null}},"17":{"start":{"line":47,"column":42},"end":{"line":47,"column":54}},"18":{"start":{"line":48,"column":8},"end":{"line":48,"column":null}},"19":{"start":{"line":48,"column":43},"end":{"line":48,"column":56}},"20":{"start":{"line":49,"column":8},"end":{"line":49,"column":null}},"21":{"start":{"line":49,"column":41},"end":{"line":49,"column":52}},"22":{"start":{"line":50,"column":8},"end":{"line":50,"column":null}},"23":{"start":{"line":50,"column":41},"end":{"line":50,"column":52}},"24":{"start":{"line":51,"column":8},"end":{"line":51,"column":null}},"25":{"start":{"line":51,"column":42},"end":{"line":51,"column":54}},"26":{"start":{"line":53,"column":17},"end":{"line":53,"column":null}},"27":{"start":{"line":56,"column":4},"end":{"line":56,"column":null}},"28":{"start":{"line":58,"column":8},"end":{"line":69,"column":null}},"29":{"start":{"line":59,"column":4},"end":{"line":62,"column":null}},"30":{"start":{"line":60,"column":6},"end":{"line":60,"column":null}},"31":{"start":{"line":61,"column":6},"end":{"line":61,"column":null}},"32":{"start":{"line":64,"column":4},"end":{"line":68,"column":null}},"33":{"start":{"line":65,"column":6},"end":{"line":65,"column":null}},"34":{"start":{"line":67,"column":6},"end":{"line":67,"column":null}},"35":{"start":{"line":71,"column":8},"end":{"line":75,"column":null}},"36":{"start":{"line":72,"column":4},"end":{"line":72,"column":null}},"37":{"start":{"line":72,"column":28},"end":{"line":72,"column":null}},"38":{"start":{"line":73,"column":18},"end":{"line":73,"column":null}},"39":{"start":{"line":74,"column":4},"end":{"line":74,"column":null}},"40":{"start":{"line":77,"column":8},"end":{"line":79,"column":null}},"41":{"start":{"line":78,"column":4},"end":{"line":78,"column":null}},"42":{"start":{"line":81,"column":16},"end":{"line":81,"column":null}},"43":{"start":{"line":82,"column":19},"end":{"line":82,"column":null}},"44":{"start":{"line":84,"column":2},"end":{"line":141,"column":null}},"45":{"start":{"line":152,"column":2},"end":{"line":168,"column":null}},"46":{"start":{"line":178,"column":2},"end":{"line":184,"column":null}},"47":{"start":{"line":189,"column":15},"end":{"line":189,"column":null}},"48":{"start":{"line":190,"column":18},"end":{"line":190,"column":null}},"49":{"start":{"line":191,"column":15},"end":{"line":191,"column":null}},"50":{"start":{"line":192,"column":2},"end":{"line":192,"column":null}},"51":{"start":{"line":200,"column":2},"end":{"line":220,"column":null}},"52":{"start":{"line":208,"column":8},"end":{"line":218,"column":null}},"53":{"start":{"line":225,"column":2},"end":{"line":228,"column":null}},"54":{"start":{"line":233,"column":2},"end":{"line":236,"column":null}}},"fnMap":{"0":{"name":"selectIsPieceMode","decl":{"start":{"line":26,"column":9},"end":{"line":26,"column":27}},"loc":{"start":{"line":26,"column":61},"end":{"line":30,"column":null}},"line":26},"1":{"name":"selectIsPiecePlaying","decl":{"start":{"line":32,"column":9},"end":{"line":32,"column":30}},"loc":{"start":{"line":32,"column":64},"end":{"line":34,"column":null}},"line":32},"2":{"name":"AudioBottomPlayer","decl":{"start":{"line":36,"column":16},"end":{"line":36,"column":34}},"loc":{"start":{"line":38,"column":27},"end":{"line":143,"column":null}},"line":38},"3":{"name":"(anonymous_3)","decl":{"start":{"line":41,"column":27},"end":{"line":41,"column":42}},"loc":{"start":{"line":41,"column":48},"end":{"line":41,"column":67}},"line":41},"4":{"name":"(anonymous_4)","decl":{"start":{"line":42,"column":24},"end":{"line":42,"column":39}},"loc":{"start":{"line":42,"column":45},"end":{"line":42,"column":61}},"line":42},"5":{"name":"(anonymous_5)","decl":{"start":{"line":43,"column":17},"end":{"line":43,"column":32}},"loc":{"start":{"line":43,"column":38},"end":{"line":43,"column":46}},"line":43},"6":{"name":"(anonymous_6)","decl":{"start":{"line":44,"column":16},"end":{"line":44,"column":31}},"loc":{"start":{"line":44,"column":37},"end":{"line":44,"column":44}},"line":44},"7":{"name":"(anonymous_7)","decl":{"start":{"line":46,"column":20},"end":{"line":46,"column":35}},"loc":{"start":{"line":46,"column":41},"end":{"line":46,"column":52}},"line":46},"8":{"name":"(anonymous_8)","decl":{"start":{"line":47,"column":21},"end":{"line":47,"column":36}},"loc":{"start":{"line":47,"column":42},"end":{"line":47,"column":54}},"line":47},"9":{"name":"(anonymous_9)","decl":{"start":{"line":48,"column":22},"end":{"line":48,"column":37}},"loc":{"start":{"line":48,"column":43},"end":{"line":48,"column":56}},"line":48},"10":{"name":"(anonymous_10)","decl":{"start":{"line":49,"column":20},"end":{"line":49,"column":35}},"loc":{"start":{"line":49,"column":41},"end":{"line":49,"column":52}},"line":49},"11":{"name":"(anonymous_11)","decl":{"start":{"line":50,"column":20},"end":{"line":50,"column":35}},"loc":{"start":{"line":50,"column":41},"end":{"line":50,"column":52}},"line":50},"12":{"name":"(anonymous_12)","decl":{"start":{"line":51,"column":21},"end":{"line":51,"column":36}},"loc":{"start":{"line":51,"column":42},"end":{"line":51,"column":54}},"line":51},"13":{"name":"(anonymous_13)","decl":{"start":{"line":58,"column":8},"end":{"line":58,"column":32}},"loc":{"start":{"line":58,"column":32},"end":{"line":69,"column":null}},"line":58},"14":{"name":"(anonymous_14)","decl":{"start":{"line":71,"column":8},"end":{"line":71,"column":23}},"loc":{"start":{"line":71,"column":70},"end":{"line":75,"column":null}},"line":71},"15":{"name":"(anonymous_15)","decl":{"start":{"line":77,"column":8},"end":{"line":77,"column":24}},"loc":{"start":{"line":77,"column":71},"end":{"line":79,"column":null}},"line":77},"16":{"name":"Scrubber","decl":{"start":{"line":151,"column":9},"end":{"line":151,"column":18}},"loc":{"start":{"line":151,"column":67},"end":{"line":170,"column":null}},"line":151},"17":{"name":"TimeDisplay","decl":{"start":{"line":177,"column":9},"end":{"line":177,"column":21}},"loc":{"start":{"line":177,"column":66},"end":{"line":186,"column":null}},"line":177},"18":{"name":"formatTime","decl":{"start":{"line":188,"column":9},"end":{"line":188,"column":20}},"loc":{"start":{"line":188,"column":45},"end":{"line":193,"column":null}},"line":188},"19":{"name":"WaveVisualizer","decl":{"start":{"line":199,"column":9},"end":{"line":199,"column":24}},"loc":{"start":{"line":199,"column":57},"end":{"line":222,"column":null}},"line":199},"20":{"name":"(anonymous_20)","decl":{"start":{"line":207,"column":33},"end":{"line":207,"column":38}},"loc":{"start":{"line":208,"column":8},"end":{"line":218,"column":null}},"line":208},"21":{"name":"PlayIcon","decl":{"start":{"line":224,"column":9},"end":{"line":224,"column":20}},"loc":{"start":{"line":224,"column":20},"end":{"line":230,"column":null}},"line":224},"22":{"name":"PauseIcon","decl":{"start":{"line":232,"column":9},"end":{"line":232,"column":21}},"loc":{"start":{"line":232,"column":21},"end":{"line":238,"column":null}},"line":232}},"branchMap":{"0":{"loc":{"start":{"line":28,"column":4},"end":{"line":28,"column":null}},"type":"binary-expr","locations":[{"start":{"line":28,"column":4},"end":{"line":28,"column":36}},{"start":{"line":28,"column":36},"end":{"line":28,"column":null}}],"line":28},"1":{"loc":{"start":{"line":56,"column":4},"end":{"line":56,"column":null}},"type":"cond-expr","locations":[{"start":{"line":56,"column":25},"end":{"line":56,"column":29}},{"start":{"line":56,"column":29},"end":{"line":56,"column":null}}],"line":56},"2":{"loc":{"start":{"line":59,"column":4},"end":{"line":62,"column":null}},"type":"if","locations":[{"start":{"line":59,"column":4},"end":{"line":62,"column":null}},{"start":{},"end":{}}],"line":59},"3":{"loc":{"start":{"line":59,"column":8},"end":{"line":59,"column":30}},"type":"binary-expr","locations":[{"start":{"line":59,"column":8},"end":{"line":59,"column":18}},{"start":{"line":59,"column":18},"end":{"line":59,"column":30}}],"line":59},"4":{"loc":{"start":{"line":64,"column":4},"end":{"line":68,"column":null}},"type":"if","locations":[{"start":{"line":64,"column":4},"end":{"line":68,"column":null}},{"start":{"line":66,"column":11},"end":{"line":68,"column":null}}],"line":64},"5":{"loc":{"start":{"line":72,"column":4},"end":{"line":72,"column":null}},"type":"if","locations":[{"start":{"line":72,"column":4},"end":{"line":72,"column":null}},{"start":{},"end":{}}],"line":72},"6":{"loc":{"start":{"line":81,"column":16},"end":{"line":81,"column":null}},"type":"binary-expr","locations":[{"start":{"line":81,"column":16},"end":{"line":81,"column":37}},{"start":{"line":81,"column":37},"end":{"line":81,"column":null}}],"line":81},"7":{"loc":{"start":{"line":82,"column":19},"end":{"line":82,"column":null}},"type":"binary-expr","locations":[{"start":{"line":82,"column":19},"end":{"line":82,"column":41}},{"start":{"line":82,"column":41},"end":{"line":82,"column":null}}],"line":82},"8":{"loc":{"start":{"line":91,"column":17},"end":{"line":91,"column":null}},"type":"cond-expr","locations":[{"start":{"line":91,"column":26},"end":{"line":91,"column":35}},{"start":{"line":91,"column":35},"end":{"line":91,"column":null}}],"line":91},"9":{"loc":{"start":{"line":103,"column":22},"end":{"line":103,"column":null}},"type":"cond-expr","locations":[{"start":{"line":103,"column":39},"end":{"line":103,"column":50}},{"start":{"line":103,"column":50},"end":{"line":103,"column":null}}],"line":103},"10":{"loc":{"start":{"line":106,"column":11},"end":{"line":106,"column":null}},"type":"cond-expr","locations":[{"start":{"line":106,"column":28},"end":{"line":106,"column":45}},{"start":{"line":106,"column":44},"end":{"line":106,"column":null}}],"line":106},"11":{"loc":{"start":{"line":113,"column":11},"end":{"line":118,"column":null}},"type":"binary-expr","locations":[{"start":{"line":113,"column":11},"end":{"line":113,"column":null}},{"start":{"line":114,"column":12},"end":{"line":118,"column":null}}],"line":113},"12":{"loc":{"start":{"line":164,"column":8},"end":{"line":164,"column":null}},"type":"binary-expr","locations":[{"start":{"line":164,"column":8},"end":{"line":164,"column":20}},{"start":{"line":164,"column":20},"end":{"line":164,"column":null}}],"line":164},"13":{"loc":{"start":{"line":189,"column":15},"end":{"line":189,"column":null}},"type":"cond-expr","locations":[{"start":{"line":189,"column":58},"end":{"line":189,"column":68}},{"start":{"line":189,"column":68},"end":{"line":189,"column":null}}],"line":189},"14":{"loc":{"start":{"line":189,"column":15},"end":{"line":189,"column":58}},"type":"binary-expr","locations":[{"start":{"line":189,"column":15},"end":{"line":189,"column":43}},{"start":{"line":189,"column":43},"end":{"line":189,"column":58}}],"line":189},"15":{"loc":{"start":{"line":205,"column":19},"end":{"line":205,"column":null}},"type":"cond-expr","locations":[{"start":{"line":205,"column":28},"end":{"line":205,"column":37}},{"start":{"line":205,"column":37},"end":{"line":205,"column":null}}],"line":205},"16":{"loc":{"start":{"line":216,"column":32},"end":{"line":216,"column":null}},"type":"cond-expr","locations":[{"start":{"line":216,"column":41},"end":{"line":216,"column":53}},{"start":{"line":216,"column":53},"end":{"line":216,"column":null}}],"line":216}},"s":{"0":1,"1":1,"2":67,"3":69,"4":19,"5":19,"6":19,"7":74,"8":19,"9":74,"10":19,"11":74,"12":19,"13":74,"14":19,"15":74,"16":19,"17":74,"18":19,"19":74,"20":19,"21":74,"22":19,"23":74,"24":19,"25":74,"26":19,"27":19,"28":19,"29":3,"30":1,"31":1,"32":2,"33":1,"34":1,"35":19,"36":1,"37":0,"38":1,"39":1,"40":19,"41":1,"42":19,"43":19,"44":19,"45":19,"46":19,"47":38,"48":38,"49":38,"50":38,"51":19,"52":95,"53":13,"54":6},"f":{"0":67,"1":69,"2":19,"3":74,"4":74,"5":74,"6":74,"7":74,"8":74,"9":74,"10":74,"11":74,"12":74,"13":3,"14":1,"15":1,"16":19,"17":19,"18":38,"19":19,"20":95,"21":13,"22":6},"b":{"0":[67,32],"1":[12,7],"2":[1,2],"3":[3,1],"4":[1,1],"5":[0,1],"6":[19,0],"7":[19,0],"8":[11,8],"9":[6,13],"10":[6,13],"11":[19,19],"12":[19,11],"13":[38,0],"14":[38,38],"15":[6,13],"16":[30,65]},"meta":{"lastBranch":17,"lastFunction":23,"lastStatement":55,"seen":{"s:1:0:1:Infinity":0,"s:18:24:22:Infinity":1,"f:26:9:26:27":0,"s:27:2:28:Infinity":2,"b:28:4:28:36:28:36:28:Infinity":0,"f:32:9:32:30":1,"s:33:2:33:Infinity":3,"f:36:16:36:34":2,"s:39:8:39:Infinity":4,"s:40:8:40:Infinity":5,"s:41:8:41:Infinity":6,"f:41:27:41:42":3,"s:41:48:41:67":7,"s:42:8:42:Infinity":8,"f:42:24:42:39":4,"s:42:45:42:61":9,"s:43:8:43:Infinity":10,"f:43:17:43:32":5,"s:43:38:43:46":11,"s:44:8:44:Infinity":12,"f:44:16:44:31":6,"s:44:37:44:44":13,"s:46:8:46:Infinity":14,"f:46:20:46:35":7,"s:46:41:46:52":15,"s:47:8:47:Infinity":16,"f:47:21:47:36":8,"s:47:42:47:54":17,"s:48:8:48:Infinity":18,"f:48:22:48:37":9,"s:48:43:48:56":19,"s:49:8:49:Infinity":20,"f:49:20:49:35":10,"s:49:41:49:52":21,"s:50:8:50:Infinity":22,"f:50:20:50:35":11,"s:50:41:50:52":23,"s:51:8:51:Infinity":24,"f:51:21:51:36":12,"s:51:42:51:54":25,"s:53:17:53:Infinity":26,"s:56:4:56:Infinity":27,"b:56:25:56:29:56:29:56:Infinity":1,"s:58:8:69:Infinity":28,"f:58:8:58:32":13,"b:59:4:62:Infinity:undefined:undefined:undefined:undefined":2,"s:59:4:62:Infinity":29,"b:59:8:59:18:59:18:59:30":3,"s:60:6:60:Infinity":30,"s:61:6:61:Infinity":31,"b:64:4:68:Infinity:66:11:68:Infinity":4,"s:64:4:68:Infinity":32,"s:65:6:65:Infinity":33,"s:67:6:67:Infinity":34,"s:71:8:75:Infinity":35,"f:71:8:71:23":14,"b:72:4:72:Infinity:undefined:undefined:undefined:undefined":5,"s:72:4:72:Infinity":36,"s:72:28:72:Infinity":37,"s:73:18:73:Infinity":38,"s:74:4:74:Infinity":39,"s:77:8:79:Infinity":40,"f:77:8:77:24":15,"s:78:4:78:Infinity":41,"s:81:16:81:Infinity":42,"b:81:16:81:37:81:37:81:Infinity":6,"s:82:19:82:Infinity":43,"b:82:19:82:41:82:41:82:Infinity":7,"s:84:2:141:Infinity":44,"b:91:26:91:35:91:35:91:Infinity":8,"b:103:39:103:50:103:50:103:Infinity":9,"b:106:28:106:45:106:44:106:Infinity":10,"b:113:11:113:Infinity:114:12:118:Infinity":11,"f:151:9:151:18":16,"s:152:2:168:Infinity":45,"b:164:8:164:20:164:20:164:Infinity":12,"f:177:9:177:21":17,"s:178:2:184:Infinity":46,"f:188:9:188:20":18,"s:189:15:189:Infinity":47,"b:189:58:189:68:189:68:189:Infinity":13,"b:189:15:189:43:189:43:189:58":14,"s:190:18:190:Infinity":48,"s:191:15:191:Infinity":49,"s:192:2:192:Infinity":50,"f:199:9:199:24":19,"s:200:2:220:Infinity":51,"b:205:28:205:37:205:37:205:Infinity":15,"f:207:33:207:38":20,"s:208:8:218:Infinity":52,"b:216:41:216:53:216:53:216:Infinity":16,"f:224:9:224:20":21,"s:225:2:228:Infinity":53,"f:232:9:232:21":22,"s:233:2:236:Infinity":54},"fnNames":{}}}
,"/home/strocs/dev/cartografias-sonoras/cartografias-sonoras/src/features/sounds/data/index.ts": {"path":"/home/strocs/dev/cartografias-sonoras/cartografias-sonoras/src/features/sounds/data/index.ts","statementMap":{},"fnMap":{},"branchMap":{},"s":{},"f":{},"b":{},"meta":{"lastBranch":0,"lastFunction":0,"lastStatement":0,"seen":{},"fnNames":{}}}
,"/home/strocs/dev/cartografias-sonoras/cartografias-sonoras/src/features/sounds/data/mock-sounds.ts": {"path":"/home/strocs/dev/cartografias-sonoras/cartografias-sonoras/src/features/sounds/data/mock-sounds.ts","statementMap":{"0":{"start":{"line":12,"column":14},"end":{"line":12,"column":null}},"1":{"start":{"line":13,"column":13},"end":{"line":13,"column":null}},"2":{"start":{"line":14,"column":14},"end":{"line":14,"column":null}},"3":{"start":{"line":15,"column":15},"end":{"line":15,"column":null}},"4":{"start":{"line":16,"column":16},"end":{"line":16,"column":null}},"5":{"start":{"line":18,"column":35},"end":{"line":164,"column":null}}},"fnMap":{},"branchMap":{},"s":{"0":5,"1":5,"2":5,"3":5,"4":5,"5":5},"f":{},"b":{},"meta":{"lastBranch":0,"lastFunction":0,"lastStatement":6,"seen":{"s:12:14:12:Infinity":0,"s:13:13:13:Infinity":1,"s:14:14:14:Infinity":2,"s:15:15:15:Infinity":3,"s:16:16:16:Infinity":4,"s:18:35:164:Infinity":5},"fnNames":{}}}
,"/home/strocs/dev/cartografias-sonoras/cartografias-sonoras/src/features/sounds/domain/index.ts": {"path":"/home/strocs/dev/cartografias-sonoras/cartografias-sonoras/src/features/sounds/domain/index.ts","statementMap":{},"fnMap":{},"branchMap":{},"s":{},"f":{},"b":{},"meta":{"lastBranch":0,"lastFunction":0,"lastStatement":0,"seen":{},"fnNames":{}}}
,"/home/strocs/dev/cartografias-sonoras/cartografias-sonoras/src/features/sounds/domain/invariants.ts": {"path":"/home/strocs/dev/cartografias-sonoras/cartografias-sonoras/src/features/sounds/domain/invariants.ts","statementMap":{"0":{"start":{"line":4,"column":2},"end":{"line":6,"column":null}},"1":{"start":{"line":5,"column":4},"end":{"line":5,"column":null}},"2":{"start":{"line":8,"column":2},"end":{"line":13,"column":null}},"3":{"start":{"line":12,"column":4},"end":{"line":12,"column":null}},"4":{"start":{"line":15,"column":2},"end":{"line":24,"column":null}},"5":{"start":{"line":21,"column":4},"end":{"line":23,"column":null}}},"fnMap":{"0":{"name":"checkSoundInvariants","decl":{"start":{"line":3,"column":16},"end":{"line":3,"column":37}},"loc":{"start":{"line":3,"column":57},"end":{"line":25,"column":null}},"line":3}},"branchMap":{"0":{"loc":{"start":{"line":4,"column":2},"end":{"line":6,"column":null}},"type":"if","locations":[{"start":{"line":4,"column":2},"end":{"line":6,"column":null}},{"start":{},"end":{}}],"line":4},"1":{"loc":{"start":{"line":4,"column":6},"end":{"line":4,"column":57}},"type":"binary-expr","locations":[{"start":{"line":4,"column":6},"end":{"line":4,"column":30}},{"start":{"line":4,"column":30},"end":{"line":4,"column":57}}],"line":4},"2":{"loc":{"start":{"line":8,"column":2},"end":{"line":13,"column":null}},"type":"if","locations":[{"start":{"line":8,"column":2},"end":{"line":13,"column":null}},{"start":{},"end":{}}],"line":8},"3":{"loc":{"start":{"line":9,"column":4},"end":{"line":10,"column":null}},"type":"binary-expr","locations":[{"start":{"line":9,"column":4},"end":{"line":9,"column":null}},{"start":{"line":10,"column":4},"end":{"line":10,"column":null}}],"line":9},"4":{"loc":{"start":{"line":15,"column":2},"end":{"line":24,"column":null}},"type":"if","locations":[{"start":{"line":15,"column":2},"end":{"line":24,"column":null}},{"start":{},"end":{}}],"line":15},"5":{"loc":{"start":{"line":16,"column":4},"end":{"line":19,"column":null}},"type":"binary-expr","locations":[{"start":{"line":16,"column":4},"end":{"line":16,"column":null}},{"start":{"line":17,"column":4},"end":{"line":17,"column":null}},{"start":{"line":18,"column":4},"end":{"line":18,"column":null}},{"start":{"line":19,"column":4},"end":{"line":19,"column":null}}],"line":16}},"s":{"0":4,"1":1,"2":3,"3":1,"4":2,"5":1},"f":{"0":4},"b":{"0":[1,3],"1":[4,3],"2":[1,2],"3":[3,2],"4":[1,1],"5":[2,2,2,2]},"meta":{"lastBranch":6,"lastFunction":1,"lastStatement":6,"seen":{"f:3:16:3:37":0,"b:4:2:6:Infinity:undefined:undefined:undefined:undefined":0,"s:4:2:6:Infinity":0,"b:4:6:4:30:4:30:4:57":1,"s:5:4:5:Infinity":1,"b:8:2:13:Infinity:undefined:undefined:undefined:undefined":2,"s:8:2:13:Infinity":2,"b:9:4:9:Infinity:10:4:10:Infinity":3,"s:12:4:12:Infinity":3,"b:15:2:24:Infinity:undefined:undefined:undefined:undefined":4,"s:15:2:24:Infinity":4,"b:16:4:16:Infinity:17:4:17:Infinity:18:4:18:Infinity:19:4:19:Infinity":5,"s:21:4:23:Infinity":5},"fnNames":{}}}
,"/home/strocs/dev/cartografias-sonoras/cartografias-sonoras/src/features/sounds/domain/schema.ts": {"path":"/home/strocs/dev/cartografias-sonoras/cartografias-sonoras/src/features/sounds/domain/schema.ts","statementMap":{"0":{"start":{"line":3,"column":30},"end":{"line":9,"column":null}},"1":{"start":{"line":11,"column":27},"end":{"line":23,"column":null}}},"fnMap":{},"branchMap":{},"s":{"0":2,"1":2},"f":{},"b":{},"meta":{"lastBranch":0,"lastFunction":0,"lastStatement":2,"seen":{"s:3:30:9:Infinity":0,"s:11:27:23:Infinity":1},"fnNames":{}}}
,"/home/strocs/dev/cartografias-sonoras/cartografias-sonoras/src/features/sounds/domain/types.ts": {"path":"/home/strocs/dev/cartografias-sonoras/cartografias-sonoras/src/features/sounds/domain/types.ts","statementMap":{},"fnMap":{},"branchMap":{},"s":{},"f":{},"b":{},"meta":{"lastBranch":0,"lastFunction":0,"lastStatement":0,"seen":{},"fnNames":{}}}
,"/home/strocs/dev/cartografias-sonoras/cartografias-sonoras/src/features/sounds/ui/HoverCard.tsx": {"path":"/home/strocs/dev/cartografias-sonoras/cartografias-sonoras/src/features/sounds/ui/HoverCard.tsx","statementMap":{"0":{"start":{"line":9,"column":2},"end":{"line":28,"column":null}}},"fnMap":{"0":{"name":"HoverCard","decl":{"start":{"line":8,"column":16},"end":{"line":8,"column":26}},"loc":{"start":{"line":8,"column":72},"end":{"line":30,"column":null}},"line":8}},"branchMap":{"0":{"loc":{"start":{"line":8,"column":35},"end":{"line":8,"column":72}},"type":"default-arg","locations":[{"start":{"line":8,"column":46},"end":{"line":8,"column":72}}],"line":8},"1":{"loc":{"start":{"line":21,"column":7},"end":{"line":24,"column":null}},"type":"binary-expr","locations":[{"start":{"line":21,"column":7},"end":{"line":21,"column":null}},{"start":{"line":22,"column":8},"end":{"line":24,"column":null}}],"line":21}},"s":{"0":24},"f":{"0":24},"b":{"0":[24],"1":[24,23]},"meta":{"lastBranch":2,"lastFunction":1,"lastStatement":1,"seen":{"f:8:16:8:26":0,"b:8:46:8:72":0,"s:9:2:28:Infinity":0,"b:21:7:21:Infinity:22:8:24:Infinity":1},"fnNames":{}}}
,"/home/strocs/dev/cartografias-sonoras/cartografias-sonoras/src/features/sounds/ui/SoundMarker.tsx": {"path":"/home/strocs/dev/cartografias-sonoras/cartografias-sonoras/src/features/sounds/ui/SoundMarker.tsx","statementMap":{"0":{"start":{"line":1,"column":0},"end":{"line":1,"column":null}},"1":{"start":{"line":26,"column":22},"end":{"line":26,"column":null}},"2":{"start":{"line":27,"column":26},"end":{"line":29,"column":null}},"3":{"start":{"line":30,"column":8},"end":{"line":30,"column":null}},"4":{"start":{"line":33,"column":8},"end":{"line":36,"column":null}},"5":{"start":{"line":35,"column":6},"end":{"line":35,"column":null}},"6":{"start":{"line":37,"column":8},"end":{"line":40,"column":null}},"7":{"start":{"line":39,"column":6},"end":{"line":39,"column":null}},"8":{"start":{"line":41,"column":8},"end":{"line":43,"column":null}},"9":{"start":{"line":42,"column":33},"end":{"line":42,"column":null}},"10":{"start":{"line":44,"column":8},"end":{"line":44,"column":null}},"11":{"start":{"line":44,"column":49},"end":{"line":44,"column":68}},"12":{"start":{"line":45,"column":8},"end":{"line":45,"column":null}},"13":{"start":{"line":45,"column":47},"end":{"line":45,"column":65}},"14":{"start":{"line":46,"column":8},"end":{"line":46,"column":null}},"15":{"start":{"line":46,"column":45},"end":{"line":46,"column":60}},"16":{"start":{"line":47,"column":8},"end":{"line":47,"column":null}},"17":{"start":{"line":47,"column":46},"end":{"line":47,"column":62}},"18":{"start":{"line":48,"column":8},"end":{"line":48,"column":null}},"19":{"start":{"line":48,"column":47},"end":{"line":48,"column":64}},"20":{"start":{"line":49,"column":8},"end":{"line":49,"column":null}},"21":{"start":{"line":49,"column":46},"end":{"line":49,"column":62}},"22":{"start":{"line":51,"column":15},"end":{"line":51,"column":null}},"23":{"start":{"line":52,"column":17},"end":{"line":52,"column":null}},"24":{"start":{"line":54,"column":22},"end":{"line":54,"column":null}},"25":{"start":{"line":55,"column":22},"end":{"line":55,"column":null}},"26":{"start":{"line":56,"column":29},"end":{"line":56,"column":null}},"27":{"start":{"line":60,"column":4},"end":{"line":62,"column":null}},"28":{"start":{"line":64,"column":4},"end":{"line":64,"column":null}},"29":{"start":{"line":65,"column":19},"end":{"line":65,"column":null}},"30":{"start":{"line":66,"column":19},"end":{"line":66,"column":null}},"31":{"start":{"line":70,"column":2},"end":{"line":76,"column":null}},"32":{"start":{"line":78,"column":2},"end":{"line":105,"column":null}},"33":{"start":{"line":79,"column":4},"end":{"line":81,"column":null}},"34":{"start":{"line":80,"column":6},"end":{"line":80,"column":null}},"35":{"start":{"line":83,"column":22},"end":{"line":83,"column":null}},"36":{"start":{"line":85,"column":17},"end":{"line":90,"column":null}},"37":{"start":{"line":92,"column":10},"end":{"line":92,"column":null}},"38":{"start":{"line":93,"column":19},"end":{"line":96,"column":null}},"39":{"start":{"line":98,"column":4},"end":{"line":98,"column":null}},"40":{"start":{"line":100,"column":4},"end":{"line":104,"column":null}},"41":{"start":{"line":101,"column":6},"end":{"line":101,"column":null}},"42":{"start":{"line":102,"column":6},"end":{"line":102,"column":null}},"43":{"start":{"line":103,"column":6},"end":{"line":103,"column":null}},"44":{"start":{"line":107,"column":2},"end":{"line":109,"column":null}},"45":{"start":{"line":108,"column":4},"end":{"line":108,"column":null}},"46":{"start":{"line":113,"column":4},"end":{"line":115,"column":null}},"47":{"start":{"line":114,"column":6},"end":{"line":114,"column":null}},"48":{"start":{"line":117,"column":4},"end":{"line":123,"column":null}},"49":{"start":{"line":118,"column":6},"end":{"line":118,"column":null}},"50":{"start":{"line":119,"column":11},"end":{"line":123,"column":null}},"51":{"start":{"line":120,"column":6},"end":{"line":120,"column":null}},"52":{"start":{"line":122,"column":6},"end":{"line":122,"column":null}},"53":{"start":{"line":126,"column":20},"end":{"line":126,"column":null}},"54":{"start":{"line":128,"column":2},"end":{"line":252,"column":null}},"55":{"start":{"line":205,"column":14},"end":{"line":205,"column":null}},"56":{"start":{"line":206,"column":14},"end":{"line":206,"column":null}},"57":{"start":{"line":256,"column":2},"end":{"line":265,"column":null}},"58":{"start":{"line":270,"column":2},"end":{"line":279,"column":null}}},"fnMap":{"0":{"name":"SoundMarker","decl":{"start":{"line":25,"column":16},"end":{"line":25,"column":28}},"loc":{"start":{"line":25,"column":57},"end":{"line":253,"column":null}},"line":25},"1":{"name":"(anonymous_1)","decl":{"start":{"line":33,"column":17},"end":{"line":33,"column":null}},"loc":{"start":{"line":35,"column":6},"end":{"line":35,"column":null}},"line":35},"2":{"name":"(anonymous_2)","decl":{"start":{"line":37,"column":22},"end":{"line":37,"column":null}},"loc":{"start":{"line":39,"column":6},"end":{"line":39,"column":null}},"line":39},"3":{"name":"(anonymous_3)","decl":{"start":{"line":41,"column":19},"end":{"line":41,"column":null}},"loc":{"start":{"line":42,"column":33},"end":{"line":42,"column":null}},"line":42},"4":{"name":"(anonymous_4)","decl":{"start":{"line":44,"column":24},"end":{"line":44,"column":39}},"loc":{"start":{"line":44,"column":49},"end":{"line":44,"column":68}},"line":44},"5":{"name":"(anonymous_5)","decl":{"start":{"line":45,"column":22},"end":{"line":45,"column":37}},"loc":{"start":{"line":45,"column":47},"end":{"line":45,"column":65}},"line":45},"6":{"name":"(anonymous_6)","decl":{"start":{"line":46,"column":20},"end":{"line":46,"column":35}},"loc":{"start":{"line":46,"column":45},"end":{"line":46,"column":60}},"line":46},"7":{"name":"(anonymous_7)","decl":{"start":{"line":47,"column":21},"end":{"line":47,"column":36}},"loc":{"start":{"line":47,"column":46},"end":{"line":47,"column":62}},"line":47},"8":{"name":"(anonymous_8)","decl":{"start":{"line":48,"column":22},"end":{"line":48,"column":37}},"loc":{"start":{"line":48,"column":47},"end":{"line":48,"column":64}},"line":48},"9":{"name":"(anonymous_9)","decl":{"start":{"line":49,"column":21},"end":{"line":49,"column":36}},"loc":{"start":{"line":49,"column":46},"end":{"line":49,"column":62}},"line":49},"10":{"name":"(anonymous_10)","decl":{"start":{"line":78,"column":2},"end":{"line":78,"column":23}},"loc":{"start":{"line":78,"column":23},"end":{"line":105,"column":3}},"line":78},"11":{"name":"(anonymous_11)","decl":{"start":{"line":100,"column":4},"end":{"line":100,"column":17}},"loc":{"start":{"line":100,"column":17},"end":{"line":104,"column":null}},"line":100},"12":{"name":"handleClick","decl":{"start":{"line":111,"column":11},"end":{"line":111,"column":25}},"loc":{"start":{"line":111,"column":25},"end":{"line":124,"column":null}},"line":111},"13":{"name":"(anonymous_13)","decl":{"start":{"line":204,"column":12},"end":{"line":204,"column":22}},"loc":{"start":{"line":204,"column":28},"end":{"line":207,"column":null}},"line":204},"14":{"name":"PlayIcon","decl":{"start":{"line":255,"column":9},"end":{"line":255,"column":20}},"loc":{"start":{"line":255,"column":20},"end":{"line":267,"column":null}},"line":255},"15":{"name":"PauseIcon","decl":{"start":{"line":269,"column":9},"end":{"line":269,"column":21}},"loc":{"start":{"line":269,"column":21},"end":{"line":281,"column":null}},"line":269}},"branchMap":{"0":{"loc":{"start":{"line":35,"column":6},"end":{"line":35,"column":null}},"type":"binary-expr","locations":[{"start":{"line":35,"column":6},"end":{"line":35,"column":50}},{"start":{"line":35,"column":50},"end":{"line":35,"column":null}}],"line":35},"1":{"loc":{"start":{"line":39,"column":6},"end":{"line":39,"column":null}},"type":"binary-expr","locations":[{"start":{"line":39,"column":6},"end":{"line":39,"column":55}},{"start":{"line":39,"column":55},"end":{"line":39,"column":null}}],"line":39},"2":{"loc":{"start":{"line":42,"column":33},"end":{"line":42,"column":null}},"type":"binary-expr","locations":[{"start":{"line":42,"column":33},"end":{"line":42,"column":79}},{"start":{"line":42,"column":79},"end":{"line":42,"column":null}}],"line":42},"3":{"loc":{"start":{"line":60,"column":4},"end":{"line":62,"column":null}},"type":"binary-expr","locations":[{"start":{"line":60,"column":4},"end":{"line":60,"column":null}},{"start":{"line":61,"column":5},"end":{"line":61,"column":null}},{"start":{"line":62,"column":6},"end":{"line":62,"column":null}}],"line":60},"4":{"loc":{"start":{"line":64,"column":4},"end":{"line":64,"column":null}},"type":"binary-expr","locations":[{"start":{"line":64,"column":4},"end":{"line":64,"column":39}},{"start":{"line":64,"column":39},"end":{"line":64,"column":null}}],"line":64},"5":{"loc":{"start":{"line":66,"column":19},"end":{"line":66,"column":null}},"type":"binary-expr","locations":[{"start":{"line":66,"column":19},"end":{"line":66,"column":32}},{"start":{"line":66,"column":32},"end":{"line":66,"column":null}}],"line":66},"6":{"loc":{"start":{"line":79,"column":4},"end":{"line":81,"column":null}},"type":"if","locations":[{"start":{"line":79,"column":4},"end":{"line":81,"column":null}},{"start":{},"end":{}}],"line":79},"7":{"loc":{"start":{"line":107,"column":2},"end":{"line":109,"column":null}},"type":"if","locations":[{"start":{"line":107,"column":2},"end":{"line":109,"column":null}},{"start":{},"end":{}}],"line":107},"8":{"loc":{"start":{"line":113,"column":4},"end":{"line":115,"column":null}},"type":"if","locations":[{"start":{"line":113,"column":4},"end":{"line":115,"column":null}},{"start":{},"end":{}}],"line":113},"9":{"loc":{"start":{"line":117,"column":4},"end":{"line":123,"column":null}},"type":"if","locations":[{"start":{"line":117,"column":4},"end":{"line":123,"column":null}},{"start":{"line":119,"column":11},"end":{"line":123,"column":null}}],"line":117},"10":{"loc":{"start":{"line":119,"column":11},"end":{"line":123,"column":null}},"type":"if","locations":[{"start":{"line":119,"column":11},"end":{"line":123,"column":null}},{"start":{"line":121,"column":11},"end":{"line":123,"column":null}}],"line":119},"11":{"loc":{"start":{"line":126,"column":20},"end":{"line":126,"column":null}},"type":"cond-expr","locations":[{"start":{"line":126,"column":32},"end":{"line":126,"column":50}},{"start":{"line":126,"column":50},"end":{"line":126,"column":null}}],"line":126},"12":{"loc":{"start":{"line":137,"column":19},"end":{"line":137,"column":null}},"type":"cond-expr","locations":[{"start":{"line":137,"column":31},"end":{"line":137,"column":43}},{"start":{"line":137,"column":43},"end":{"line":137,"column":null}}],"line":137},"13":{"loc":{"start":{"line":137,"column":43},"end":{"line":137,"column":null}},"type":"cond-expr","locations":[{"start":{"line":137,"column":54},"end":{"line":137,"column":65}},{"start":{"line":137,"column":65},"end":{"line":137,"column":null}}],"line":137},"14":{"loc":{"start":{"line":147,"column":9},"end":{"line":156,"column":null}},"type":"binary-expr","locations":[{"start":{"line":147,"column":9},"end":{"line":147,"column":null}},{"start":{"line":148,"column":10},"end":{"line":156,"column":null}}],"line":147},"15":{"loc":{"start":{"line":163,"column":12},"end":{"line":163,"column":null}},"type":"binary-expr","locations":[{"start":{"line":163,"column":12},"end":{"line":163,"column":24}},{"start":{"line":163,"column":24},"end":{"line":163,"column":null}}],"line":163},"16":{"loc":{"start":{"line":186,"column":13},"end":{"line":200,"column":null}},"type":"binary-expr","locations":[{"start":{"line":186,"column":13},"end":{"line":186,"column":null}},{"start":{"line":187,"column":14},"end":{"line":200,"column":null}}],"line":186},"17":{"loc":{"start":{"line":225,"column":18},"end":{"line":227,"column":null}},"type":"cond-expr","locations":[{"start":{"line":226,"column":22},"end":{"line":226,"column":null}},{"start":{"line":227,"column":22},"end":{"line":227,"column":null}}],"line":225},"18":{"loc":{"start":{"line":236,"column":18},"end":{"line":238,"column":null}},"type":"cond-expr","locations":[{"start":{"line":237,"column":22},"end":{"line":237,"column":null}},{"start":{"line":238,"column":22},"end":{"line":238,"column":null}}],"line":236}},"s":{"0":2,"1":29,"2":29,"3":29,"4":29,"5":96,"6":29,"7":96,"8":29,"9":96,"10":29,"11":96,"12":29,"13":96,"14":29,"15":96,"16":29,"17":96,"18":29,"19":96,"20":29,"21":96,"22":29,"23":29,"24":29,"25":29,"26":29,"27":29,"28":29,"29":29,"30":29,"31":29,"32":29,"33":11,"34":0,"35":11,"36":11,"37":11,"38":11,"39":11,"40":11,"41":11,"42":11,"43":11,"44":29,"45":11,"46":2,"47":1,"48":2,"49":0,"50":2,"51":0,"52":2,"53":18,"54":29,"55":2,"56":2,"57":18,"58":18},"f":{"0":29,"1":96,"2":96,"3":96,"4":96,"5":96,"6":96,"7":96,"8":96,"9":96,"10":11,"11":11,"12":2,"13":2,"14":18,"15":18},"b":{"0":[96,63],"1":[96,63],"2":[96,63],"3":[29,2,1],"4":[29,26],"5":[29,25],"6":[0,11],"7":[11,18],"8":[1,1],"9":[0,2],"10":[0,2],"11":[4,14],"12":[4,14],"13":[1,13],"14":[29,4],"15":[29,5],"16":[29,5],"17":[4,14],"18":[4,14]},"meta":{"lastBranch":19,"lastFunction":16,"lastStatement":59,"seen":{"s:1:0:1:Infinity":0,"f:25:16:25:28":0,"s:26:22:26:Infinity":1,"s:27:26:29:Infinity":2,"s:30:8:30:Infinity":3,"s:33:8:36:Infinity":4,"f:33:17:33:Infinity":1,"s:35:6:35:Infinity":5,"b:35:6:35:50:35:50:35:Infinity":0,"s:37:8:40:Infinity":6,"f:37:22:37:Infinity":2,"s:39:6:39:Infinity":7,"b:39:6:39:55:39:55:39:Infinity":1,"s:41:8:43:Infinity":8,"f:41:19:41:Infinity":3,"s:42:33:42:Infinity":9,"b:42:33:42:79:42:79:42:Infinity":2,"s:44:8:44:Infinity":10,"f:44:24:44:39":4,"s:44:49:44:68":11,"s:45:8:45:Infinity":12,"f:45:22:45:37":5,"s:45:47:45:65":13,"s:46:8:46:Infinity":14,"f:46:20:46:35":6,"s:46:45:46:60":15,"s:47:8:47:Infinity":16,"f:47:21:47:36":7,"s:47:46:47:62":17,"s:48:8:48:Infinity":18,"f:48:22:48:37":8,"s:48:47:48:64":19,"s:49:8:49:Infinity":20,"f:49:21:49:36":9,"s:49:46:49:62":21,"s:51:15:51:Infinity":22,"s:52:17:52:Infinity":23,"s:54:22:54:Infinity":24,"s:55:22:55:Infinity":25,"s:56:29:56:Infinity":26,"s:60:4:62:Infinity":27,"b:60:4:60:Infinity:61:5:61:Infinity:62:6:62:Infinity":3,"s:64:4:64:Infinity":28,"b:64:4:64:39:64:39:64:Infinity":4,"s:65:19:65:Infinity":29,"s:66:19:66:Infinity":30,"b:66:19:66:32:66:32:66:Infinity":5,"s:70:2:76:Infinity":31,"s:78:2:105:Infinity":32,"f:78:2:78:23":10,"b:79:4:81:Infinity:undefined:undefined:undefined:undefined":6,"s:79:4:81:Infinity":33,"s:80:6:80:Infinity":34,"s:83:22:83:Infinity":35,"s:85:17:90:Infinity":36,"s:92:10:92:Infinity":37,"s:93:19:96:Infinity":38,"s:98:4:98:Infinity":39,"s:100:4:104:Infinity":40,"f:100:4:100:17":11,"s:101:6:101:Infinity":41,"s:102:6:102:Infinity":42,"s:103:6:103:Infinity":43,"b:107:2:109:Infinity:undefined:undefined:undefined:undefined":7,"s:107:2:109:Infinity":44,"s:108:4:108:Infinity":45,"f:111:11:111:25":12,"b:113:4:115:Infinity:undefined:undefined:undefined:undefined":8,"s:113:4:115:Infinity":46,"s:114:6:114:Infinity":47,"b:117:4:123:Infinity:119:11:123:Infinity":9,"s:117:4:123:Infinity":48,"s:118:6:118:Infinity":49,"b:119:11:123:Infinity:121:11:123:Infinity":10,"s:119:11:123:Infinity":50,"s:120:6:120:Infinity":51,"s:122:6:122:Infinity":52,"s:126:20:126:Infinity":53,"b:126:32:126:50:126:50:126:Infinity":11,"s:128:2:252:Infinity":54,"b:137:31:137:43:137:43:137:Infinity":12,"b:137:54:137:65:137:65:137:Infinity":13,"b:147:9:147:Infinity:148:10:156:Infinity":14,"b:163:12:163:24:163:24:163:Infinity":15,"b:186:13:186:Infinity:187:14:200:Infinity":16,"f:204:12:204:22":13,"s:205:14:205:Infinity":55,"s:206:14:206:Infinity":56,"b:226:22:226:Infinity:227:22:227:Infinity":17,"b:237:22:237:Infinity:238:22:238:Infinity":18,"f:255:9:255:20":14,"s:256:2:265:Infinity":57,"f:269:9:269:21":15,"s:270:2:279:Infinity":58},"fnNames":{}}}
,"/home/strocs/dev/cartografias-sonoras/cartografias-sonoras/src/features/sounds/ui/index.ts": {"path":"/home/strocs/dev/cartografias-sonoras/cartografias-sonoras/src/features/sounds/ui/index.ts","statementMap":{},"fnMap":{},"branchMap":{},"s":{},"f":{},"b":{},"meta":{"lastBranch":0,"lastFunction":0,"lastStatement":0,"seen":{},"fnNames":{}}}
,"/home/strocs/dev/cartografias-sonoras/cartografias-sonoras/src/shared/data/site-content.ts": {"path":"/home/strocs/dev/cartografias-sonoras/cartografias-sonoras/src/shared/data/site-content.ts","statementMap":{"0":{"start":{"line":1,"column":27},"end":{"line":35,"column":null}}},"fnMap":{},"branchMap":{},"s":{"0":0},"f":{},"b":{},"meta":{"lastBranch":0,"lastFunction":0,"lastStatement":1,"seen":{"s:1:27:35:Infinity":0},"fnNames":{}}}
,"/home/strocs/dev/cartografias-sonoras/cartografias-sonoras/src/shared/hooks/useMountEffect.ts": {"path":"/home/strocs/dev/cartografias-sonoras/cartografias-sonoras/src/shared/hooks/useMountEffect.ts","statementMap":{"0":{"start":{"line":16,"column":2},"end":{"line":16,"column":null}}},"fnMap":{"0":{"name":"useMountEffect","decl":{"start":{"line":11,"column":16},"end":{"line":11,"column":null}},"loc":{"start":{"line":13,"column":8},"end":{"line":17,"column":null}},"line":13}},"branchMap":{},"s":{"0":80},"f":{"0":80},"b":{},"meta":{"lastBranch":0,"lastFunction":1,"lastStatement":1,"seen":{"f:11:16:11:Infinity":0,"s:16:2:16:Infinity":0},"fnNames":{}}}
,"/home/strocs/dev/cartografias-sonoras/cartografias-sonoras/src/shared/lib/audio-engine/engine.ts": {"path":"/home/strocs/dev/cartografias-sonoras/cartografias-sonoras/src/shared/lib/audio-engine/engine.ts","statementMap":{"0":{"start":{"line":18,"column":2},"end":{"line":23,"column":null}},"1":{"start":{"line":27,"column":2},"end":{"line":32,"column":null}},"2":{"start":{"line":36,"column":2},"end":{"line":45,"column":null}},"3":{"start":{"line":53,"column":17},"end":{"line":53,"column":null}},"4":{"start":{"line":54,"column":18},"end":{"line":54,"column":null}},"5":{"start":{"line":55,"column":15},"end":{"line":55,"column":null}},"6":{"start":{"line":56,"column":2},"end":{"line":56,"column":null}},"7":{"start":{"line":57,"column":2},"end":{"line":57,"column":null}},"8":{"start":{"line":64,"column":2},"end":{"line":64,"column":null}},"9":{"start":{"line":68,"column":2},"end":{"line":72,"column":null}},"10":{"start":{"line":83,"column":2},"end":{"line":89,"column":null}},"11":{"start":{"line":88,"column":4},"end":{"line":88,"column":null}},"12":{"start":{"line":91,"column":13},"end":{"line":91,"column":null}},"13":{"start":{"line":94,"column":2},"end":{"line":100,"column":null}},"14":{"start":{"line":99,"column":4},"end":{"line":99,"column":null}},"15":{"start":{"line":102,"column":2},"end":{"line":102,"column":null}},"16":{"start":{"line":104,"column":18},"end":{"line":104,"column":null}},"17":{"start":{"line":106,"column":2},"end":{"line":108,"column":null}},"18":{"start":{"line":107,"column":4},"end":{"line":107,"column":null}},"19":{"start":{"line":110,"column":2},"end":{"line":115,"column":null}},"20":{"start":{"line":123,"column":18},"end":{"line":123,"column":null}},"21":{"start":{"line":124,"column":2},"end":{"line":126,"column":null}},"22":{"start":{"line":125,"column":4},"end":{"line":125,"column":null}},"23":{"start":{"line":127,"column":38},"end":{"line":127,"column":null}},"24":{"start":{"line":128,"column":2},"end":{"line":130,"column":null}},"25":{"start":{"line":129,"column":4},"end":{"line":129,"column":null}},"26":{"start":{"line":131,"column":2},"end":{"line":131,"column":null}},"27":{"start":{"line":138,"column":18},"end":{"line":138,"column":null}},"28":{"start":{"line":139,"column":2},"end":{"line":141,"column":null}},"29":{"start":{"line":140,"column":4},"end":{"line":140,"column":null}},"30":{"start":{"line":142,"column":2},"end":{"line":142,"column":null}},"31":{"start":{"line":149,"column":18},"end":{"line":149,"column":null}},"32":{"start":{"line":150,"column":2},"end":{"line":152,"column":null}},"33":{"start":{"line":151,"column":4},"end":{"line":151,"column":null}},"34":{"start":{"line":153,"column":2},"end":{"line":153,"column":null}},"35":{"start":{"line":160,"column":17},"end":{"line":160,"column":null}},"36":{"start":{"line":161,"column":2},"end":{"line":161,"column":null}},"37":{"start":{"line":163,"column":25},"end":{"line":165,"column":null}},"38":{"start":{"line":164,"column":15},"end":{"line":164,"column":null}},"39":{"start":{"line":167,"column":2},"end":{"line":171,"column":null}},"40":{"start":{"line":175,"column":2},"end":{"line":179,"column":null}},"41":{"start":{"line":183,"column":13},"end":{"line":183,"column":null}},"42":{"start":{"line":184,"column":2},"end":{"line":188,"column":null}},"43":{"start":{"line":185,"column":4},"end":{"line":187,"column":null}},"44":{"start":{"line":186,"column":6},"end":{"line":186,"column":null}},"45":{"start":{"line":189,"column":2},"end":{"line":189,"column":null}},"46":{"start":{"line":196,"column":18},"end":{"line":196,"column":null}},"47":{"start":{"line":197,"column":2},"end":{"line":199,"column":null}},"48":{"start":{"line":198,"column":4},"end":{"line":198,"column":null}},"49":{"start":{"line":200,"column":2},"end":{"line":203,"column":null}},"50":{"start":{"line":211,"column":2},"end":{"line":211,"column":null}},"51":{"start":{"line":219,"column":18},"end":{"line":219,"column":null}},"52":{"start":{"line":220,"column":2},"end":{"line":222,"column":null}},"53":{"start":{"line":221,"column":4},"end":{"line":221,"column":null}},"54":{"start":{"line":223,"column":18},"end":{"line":223,"column":null}},"55":{"start":{"line":224,"column":2},"end":{"line":224,"column":null}},"56":{"start":{"line":225,"column":2},"end":{"line":225,"column":null}},"57":{"start":{"line":233,"column":18},"end":{"line":233,"column":null}},"58":{"start":{"line":234,"column":2},"end":{"line":236,"column":null}},"59":{"start":{"line":235,"column":4},"end":{"line":235,"column":null}},"60":{"start":{"line":237,"column":18},"end":{"line":237,"column":null}},"61":{"start":{"line":238,"column":2},"end":{"line":238,"column":null}},"62":{"start":{"line":239,"column":2},"end":{"line":239,"column":null}},"63":{"start":{"line":246,"column":2},"end":{"line":246,"column":null}},"64":{"start":{"line":250,"column":2},"end":{"line":250,"column":null}},"65":{"start":{"line":258,"column":18},"end":{"line":258,"column":null}},"66":{"start":{"line":259,"column":2},"end":{"line":261,"column":null}},"67":{"start":{"line":260,"column":4},"end":{"line":260,"column":null}},"68":{"start":{"line":262,"column":2},"end":{"line":262,"column":null}},"69":{"start":{"line":269,"column":2},"end":{"line":269,"column":null}},"70":{"start":{"line":277,"column":17},"end":{"line":277,"column":null}},"71":{"start":{"line":278,"column":2},"end":{"line":283,"column":null}},"72":{"start":{"line":290,"column":2},"end":{"line":292,"column":null}},"73":{"start":{"line":291,"column":4},"end":{"line":291,"column":null}},"74":{"start":{"line":293,"column":38},"end":{"line":293,"column":null}},"75":{"start":{"line":294,"column":2},"end":{"line":296,"column":null}},"76":{"start":{"line":295,"column":4},"end":{"line":295,"column":null}},"77":{"start":{"line":297,"column":2},"end":{"line":297,"column":null}},"78":{"start":{"line":301,"column":2},"end":{"line":303,"column":null}},"79":{"start":{"line":302,"column":4},"end":{"line":302,"column":null}},"80":{"start":{"line":304,"column":2},"end":{"line":304,"column":null}},"81":{"start":{"line":308,"column":2},"end":{"line":310,"column":null}},"82":{"start":{"line":309,"column":4},"end":{"line":309,"column":null}},"83":{"start":{"line":312,"column":17},"end":{"line":312,"column":null}},"84":{"start":{"line":313,"column":2},"end":{"line":313,"column":null}},"85":{"start":{"line":317,"column":2},"end":{"line":321,"column":null}},"86":{"start":{"line":325,"column":2},"end":{"line":327,"column":null}},"87":{"start":{"line":326,"column":4},"end":{"line":326,"column":null}},"88":{"start":{"line":328,"column":2},"end":{"line":332,"column":null}},"89":{"start":{"line":339,"column":2},"end":{"line":339,"column":null}},"90":{"start":{"line":346,"column":2},"end":{"line":346,"column":null}},"91":{"start":{"line":353,"column":2},"end":{"line":356,"column":null}},"92":{"start":{"line":363,"column":2},"end":{"line":366,"column":null}}},"fnMap":{"0":{"name":"createIdleSoundState","decl":{"start":{"line":17,"column":16},"end":{"line":17,"column":51}},"loc":{"start":{"line":17,"column":51},"end":{"line":24,"column":null}},"line":17},"1":{"name":"createIdlePieceState","decl":{"start":{"line":26,"column":16},"end":{"line":26,"column":51}},"loc":{"start":{"line":26,"column":51},"end":{"line":33,"column":null}},"line":26},"2":{"name":"createInitialState","decl":{"start":{"line":35,"column":16},"end":{"line":35,"column":55}},"loc":{"start":{"line":35,"column":55},"end":{"line":46,"column":null}},"line":35},"3":{"name":"setSound","decl":{"start":{"line":48,"column":9},"end":{"line":48,"column":null}},"loc":{"start":{"line":52,"column":20},"end":{"line":58,"column":null}},"line":52},"4":{"name":"updatePiece","decl":{"start":{"line":60,"column":9},"end":{"line":60,"column":null}},"loc":{"start":{"line":63,"column":20},"end":{"line":65,"column":null}},"line":63},"5":{"name":"canStartPlayback","decl":{"start":{"line":67,"column":9},"end":{"line":67,"column":26}},"loc":{"start":{"line":67,"column":56},"end":{"line":74,"column":null}},"line":67},"6":{"name":"playSound","decl":{"start":{"line":76,"column":16},"end":{"line":76,"column":null}},"loc":{"start":{"line":80,"column":20},"end":{"line":116,"column":null}},"line":80},"7":{"name":"soundLoaded","decl":{"start":{"line":118,"column":16},"end":{"line":118,"column":null}},"loc":{"start":{"line":122,"column":20},"end":{"line":132,"column":null}},"line":122},"8":{"name":"pauseSound","decl":{"start":{"line":134,"column":16},"end":{"line":134,"column":null}},"loc":{"start":{"line":137,"column":20},"end":{"line":143,"column":null}},"line":137},"9":{"name":"resumeSound","decl":{"start":{"line":145,"column":16},"end":{"line":145,"column":null}},"loc":{"start":{"line":148,"column":20},"end":{"line":154,"column":null}},"line":148},"10":{"name":"stopSound","decl":{"start":{"line":156,"column":16},"end":{"line":156,"column":null}},"loc":{"start":{"line":159,"column":20},"end":{"line":172,"column":null}},"line":159},"11":{"name":"(anonymous_11)","decl":{"start":{"line":163,"column":53},"end":{"line":163,"column":null}},"loc":{"start":{"line":164,"column":15},"end":{"line":164,"column":null}},"line":164},"12":{"name":"stopAllSounds","decl":{"start":{"line":174,"column":16},"end":{"line":174,"column":30}},"loc":{"start":{"line":174,"column":73},"end":{"line":180,"column":null}},"line":174},"13":{"name":"pauseAllSounds","decl":{"start":{"line":182,"column":16},"end":{"line":182,"column":31}},"loc":{"start":{"line":182,"column":74},"end":{"line":190,"column":null}},"line":182},"14":{"name":"(anonymous_14)","decl":{"start":{"line":184,"column":21},"end":{"line":184,"column":30}},"loc":{"start":{"line":184,"column":44},"end":{"line":188,"column":3}},"line":184},"15":{"name":"soundEnded","decl":{"start":{"line":192,"column":16},"end":{"line":192,"column":null}},"loc":{"start":{"line":195,"column":20},"end":{"line":204,"column":null}},"line":195},"16":{"name":"soundError","decl":{"start":{"line":206,"column":16},"end":{"line":206,"column":null}},"loc":{"start":{"line":210,"column":20},"end":{"line":212,"column":null}},"line":210},"17":{"name":"seekSound","decl":{"start":{"line":214,"column":16},"end":{"line":214,"column":null}},"loc":{"start":{"line":218,"column":20},"end":{"line":226,"column":null}},"line":218},"18":{"name":"pendingSeek","decl":{"start":{"line":228,"column":16},"end":{"line":228,"column":null}},"loc":{"start":{"line":232,"column":20},"end":{"line":240,"column":null}},"line":232},"19":{"name":"setVolume","decl":{"start":{"line":242,"column":16},"end":{"line":242,"column":null}},"loc":{"start":{"line":245,"column":20},"end":{"line":247,"column":null}},"line":245},"20":{"name":"toggleMute","decl":{"start":{"line":249,"column":16},"end":{"line":249,"column":27}},"loc":{"start":{"line":249,"column":70},"end":{"line":251,"column":null}},"line":249},"21":{"name":"soundTimeUpdated","decl":{"start":{"line":253,"column":16},"end":{"line":253,"column":null}},"loc":{"start":{"line":257,"column":20},"end":{"line":263,"column":null}},"line":257},"22":{"name":"pieceTimeUpdated","decl":{"start":{"line":265,"column":16},"end":{"line":265,"column":null}},"loc":{"start":{"line":268,"column":20},"end":{"line":270,"column":null}},"line":268},"23":{"name":"playPiece","decl":{"start":{"line":272,"column":16},"end":{"line":272,"column":null}},"loc":{"start":{"line":276,"column":20},"end":{"line":284,"column":null}},"line":276},"24":{"name":"pieceLoaded","decl":{"start":{"line":286,"column":16},"end":{"line":286,"column":null}},"loc":{"start":{"line":289,"column":20},"end":{"line":298,"column":null}},"line":289},"25":{"name":"pausePiece","decl":{"start":{"line":300,"column":16},"end":{"line":300,"column":27}},"loc":{"start":{"line":300,"column":70},"end":{"line":305,"column":null}},"line":300},"26":{"name":"resumePiece","decl":{"start":{"line":307,"column":16},"end":{"line":307,"column":28}},"loc":{"start":{"line":307,"column":71},"end":{"line":314,"column":null}},"lin
[...]
,"18":{"start":{"line":80,"column":4},"end":{"line":80,"column":null}},"19":{"start":{"line":82,"column":4},"end":{"line":88,"column":null}},"20":{"start":{"line":83,"column":6},"end":{"line":83,"column":null}},"21":{"start":{"line":84,"column":6},"end":{"line":84,"column":null}},"22":{"start":{"line":85,"column":6},"end":{"line":85,"column":null}},"23":{"start":{"line":86,"column":6},"end":{"line":86,"column":null}},"24":{"start":{"line":87,"column":6},"end":{"line":87,"column":null}},"25":{"start":{"line":91,"column":2},"end":{"line":109,"column":null}},"26":{"start":{"line":91,"column":34},"end":{"line":109,"column":4}},"27":{"start":{"line":92,"column":18},"end":{"line":92,"column":null}},"28":{"start":{"line":94,"column":6},"end":{"line":94,"column":null}},"29":{"start":{"line":97,"column":6},"end":{"line":97,"column":null}},"30":{"start":{"line":100,"column":6},"end":{"line":102,"column":null}},"31":{"start":{"line":101,"column":8},"end":{"line":101,"column":null}},"32":{"start":{"line":103,"column":47},"end":{"line":106,"column":null}},"33":{"start":{"line":107,"column":6},"end":{"line":107,"column":null}},"34":{"start":{"line":111,"column":2},"end":{"line":125,"column":null}}},"fnMap":{"0":{"name":"MapViewport","decl":{"start":{"line":28,"column":16},"end":{"line":28,"column":28}},"loc":{"start":{"line":36,"column":21},"end":{"line":127,"column":null}},"line":36},"1":{"name":"initContainer","decl":{"start":{"line":41,"column":11},"end":{"line":41,"column":25}},"loc":{"start":{"line":41,"column":54},"end":{"line":89,"column":null}},"line":41},"2":{"name":"updateZoomAttribute","decl":{"start":{"line":72,"column":13},"end":{"line":72,"column":35}},"loc":{"start":{"line":72,"column":35},"end":{"line":74,"column":null}},"line":72},"3":{"name":"(anonymous_3)","decl":{"start":{"line":82,"column":4},"end":{"line":82,"column":17}},"loc":{"start":{"line":82,"column":17},"end":{"line":88,"column":null}},"line":82},"4":{"name":"(anonymous_4)","decl":{"start":{"line":91,"column":22},"end":{"line":91,"column":34}},"loc":{"start":{"line":91,"column":34},"end":{"line":109,"column":4}},"line":91},"5":{"name":"(anonymous_5)","decl":{"start":{"line":92,"column":4},"end":{"line":92,"column":18}},"loc":{"start":{"line":92,"column":18},"end":{"line":92,"column":null}},"line":92},"6":{"name":"(anonymous_6)","decl":{"start":{"line":93,"column":4},"end":{"line":93,"column":12}},"loc":{"start":{"line":93,"column":21},"end":{"line":95,"column":null}},"line":93},"7":{"name":"(anonymous_7)","decl":{"start":{"line":96,"column":4},"end":{"line":96,"column":14}},"loc":{"start":{"line":96,"column":23},"end":{"line":98,"column":null}},"line":96},"8":{"name":"(anonymous_8)","decl":{"start":{"line":99,"column":4},"end":{"line":99,"column":21}},"loc":{"start":{"line":99,"column":21},"end":{"line":108,"column":null}},"line":99}},"branchMap":{"0":{"loc":{"start":{"line":42,"column":4},"end":{"line":44,"column":null}},"type":"if","locations":[{"start":{"line":42,"column":4},"end":{"line":44,"column":null}},{"start":{},"end":{}}],"line":42},"1":{"loc":{"start":{"line":42,"column":8},"end":{"line":42,"column":50}},"type":"binary-expr","locations":[{"start":{"line":42,"column":8},"end":{"line":42,"column":25}},{"start":{"line":42,"column":25},"end":{"line":42,"column":50}}],"line":42},"2":{"loc":{"start":{"line":53,"column":15},"end":{"line":53,"column":null}},"type":"binary-expr","locations":[{"start":{"line":53,"column":15},"end":{"line":53,"column":34}},{"start":{"line":53,"column":34},"end":{"line":53,"column":null}}],"line":53},"3":{"loc":{"start":{"line":54,"column":15},"end":{"line":54,"column":null}},"type":"binary-expr","locations":[{"start":{"line":54,"column":15},"end":{"line":54,"column":34}},{"start":{"line":54,"column":34},"end":{"line":54,"column":null}}],"line":54},"4":{"loc":{"start":{"line":61,"column":19},"end":{"line":61,"column":null}},"type":"binary-expr","locations":[{"start":{"line":61,"column":19},"end":{"line":61,"column":42}},{"start":{"line":61,"column":42},"end":{"line":61,"column":null}}],"line":61},"5":{"loc":{"start":{"line":62,"column":26},"end":{"line":62,"column":null}},"type":"binary-expr","locations":[{"start":{"line":62,"column":26},"end":{"line":62,"column":56}},{"start":{"line":62,"column":56},"end":{"line":62,"column":null}}],"line":62},"6":{"loc":{"start":{"line":100,"column":6},"end":{"line":102,"column":null}},"type":"if","locations":[{"start":{"line":100,"column":6},"end":{"line":102,"column":null}},{"start":{},"end":{}}],"line":100},"7":{"loc":{"start":{"line":123,"column":9},"end":{"line":123,"column":null}},"type":"binary-expr","locations":[{"start":{"line":123,"column":9},"end":{"line":123,"column":20}},{"start":{"line":123,"column":20},"end":{"line":123,"column":null}}],"line":123}},"s":{"0":1,"1":15,"2":15,"3":15,"4":10,"5":0,"6":10,"7":10,"8":10,"9":10,"10":10,"11":10,"12":10,"13":10,"14":10,"15":10,"16":10,"17":10,"18":10,"19":10,"20":10,"21":10,"22":10,"23":10,"24":10,"25":15,"26":0,"27":0,"28":0,"29":0,"30":0,"31":0,"32":0,"33":0,"34":15},"f":{"0":15,"1":10,"2":10,"3":10,"4":0,"5":0,"6":0,"7":0,"8":0},"b":{"0":[0,10],"1":[10,10],"2":[10,10],"3":[10,10],"4":[10,10],"5":[10,10],"6":[0,0],"7":[15,10]},"meta":{"lastBranch":8,"lastFunction":9,"lastStatement":35,"seen":{"s:1:0:1:Infinity":0,"f:28:16:28:28":0,"s:37:8:37:Infinity":1,"s:38:19:38:Infinity":2,"s:39:18:39:Infinity":3,"f:41:11:41:25":1,"b:42:4:44:Infinity:undefined:undefined:undefined:undefined":0,"s:42:4:44:Infinity":4,"b:42:8:42:25:42:25:42:50":1,"s:43:6:43:Infinity":5,"s:46:45:49:Infinity":6,"s:51:16:63:Infinity":7,"b:53:15:53:34:53:34:53:Infinity":2,"b:54:15:54:34:54:34:54:Infinity":3,"b:61:19:61:42:61:42:61:Infinity":4,"b:62:26:62:56:62:56:62:Infinity":5,"s:65:4:65:Infinity":8,"s:66:4:66:Infinity":9,"s:68:4:68:Infinity":10,"s:69:4:69:Infinity":11,"s:71:22:71:Infinity":12,"f:72:13:72:35":2,"s:73:6:73:Infinity":13,"s:75:4:75:Infinity":14,"s:76:4:76:Infinity":15,"s:78:4:78:Infinity":16,"s:79:4:79:Infinity":17,"s:80:4:80:Infinity":18,"s:82:4:88:Infinity":19,"f:82:4:82:17":3,"s:83:6:83:Infinity":20,"s:84:6:84:Infinity":21,"s:85:6:85:Infinity":22,"s:86:6:86:Infinity":23,"s:87:6:87:Infinity":24,"s:91:2:109:Infinity":25,"f:91:22:91:34":4,"s:91:34:109:4":26,"f:92:4:92:18":5,"s:92:18:92:Infinity":27,"f:93:4:93:12":6,"s:94:6:94:Infinity":28,"f:96:4:96:14":7,"s:97:6:97:Infinity":29,"f:99:4:99:21":8,"b:100:6:102:Infinity:undefined:undefined:undefined:undefined":6,"s:100:6:102:Infinity":30,"s:101:8:101:Infinity":31,"s:103:47:106:Infinity":32,"s:107:6:107:Infinity":33,"s:111:2:125:Infinity":34,"b:123:9:123:20:123:20:123:Infinity":7},"fnNames":{}}}
,"/home/strocs/dev/cartografias-sonoras/cartografias-sonoras/src/shared/lib/viewport/index.ts": {"path":"/home/strocs/dev/cartografias-sonoras/cartografias-sonoras/src/shared/lib/viewport/index.ts","statementMap":{},"fnMap":{},"branchMap":{},"s":{},"f":{},"b":{},"meta":{"lastBranch":0,"lastFunction":0,"lastStatement":0,"seen":{},"fnNames":{}}}
,"/home/strocs/dev/cartografias-sonoras/cartografias-sonoras/src/shared/lib/viewport/types.ts": {"path":"/home/strocs/dev/cartografias-sonoras/cartografias-sonoras/src/shared/lib/viewport/types.ts","statementMap":{},"fnMap":{},"branchMap":{},"s":{},"f":{},"b":{},"meta":{"lastBranch":0,"lastFunction":0,"lastStatement":0,"seen":{},"fnNames":{}}}
,"/home/strocs/dev/cartografias-sonoras/cartografias-sonoras/src/shared/ui/VolumeControl.tsx": {"path":"/home/strocs/dev/cartografias-sonoras/cartografias-sonoras/src/shared/ui/VolumeControl.tsx","statementMap":{"0":{"start":{"line":1,"column":0},"end":{"line":1,"column":null}},"1":{"start":{"line":21,"column":24},"end":{"line":21,"column":null}},"2":{"start":{"line":23,"column":2},"end":{"line":45,"column":null}},"3":{"start":{"line":50,"column":2},"end":{"line":63,"column":null}},"4":{"start":{"line":68,"column":2},"end":{"line":82,"column":null}}},"fnMap":{"0":{"name":"VolumeControl","decl":{"start":{"line":15,"column":16},"end":{"line":15,"column":30}},"loc":{"start":{"line":20,"column":23},"end":{"line":47,"column":null}},"line":20},"1":{"name":"VolumeIcon","decl":{"start":{"line":49,"column":9},"end":{"line":49,"column":22}},"loc":{"start":{"line":49,"column":22},"end":{"line":65,"column":null}},"line":49},"2":{"name":"MutedIcon","decl":{"start":{"line":67,"column":9},"end":{"line":67,"column":21}},"loc":{"start":{"line":67,"column":21},"end":{"line":84,"column":null}},"line":67}},"branchMap":{"0":{"loc":{"start":{"line":21,"column":24},"end":{"line":21,"column":null}},"type":"cond-expr","locations":[{"start":{"line":21,"column":32},"end":{"line":21,"column":36}},{"start":{"line":21,"column":36},"end":{"line":21,"column":null}}],"line":21},"1":{"loc":{"start":{"line":29,"column":20},"end":{"line":29,"column":null}},"type":"cond-expr","locations":[{"start":{"line":29,"column":28},"end":{"line":29,"column":47}},{"start":{"line":29,"column":47},"end":{"line":29,"column":null}}],"line":29},"2":{"loc":{"start":{"line":32,"column":9},"end":{"line":32,"column":null}},"type":"cond-expr","locations":[{"start":{"line":32,"column":17},"end":{"line":32,"column":34}},{"start":{"line":32,"column":33},"end":{"line":32,"column":null}}],"line":32}},"s":{"0":1,"1":19,"2":19,"3":18,"4":1},"f":{"0":19,"1":18,"2":1},"b":{"0":[1,18],"1":[1,18],"2":[1,18]},"meta":{"lastBranch":3,"lastFunction":3,"lastStatement":5,"seen":{"s:1:0:1:Infinity":0,"f:15:16:15:30":0,"s:21:24:21:Infinity":1,"b:21:32:21:36:21:36:21:Infinity":0,"s:23:2:45:Infinity":2,"b:29:28:29:47:29:47:29:Infinity":1,"b:32:17:32:34:32:33:32:Infinity":2,"f:49:9:49:22":1,"s:50:2:63:Infinity":3,"f:67:9:67:21":2,"s:68:2:82:Infinity":4},"fnNames":{}}}
,"/home/strocs/dev/cartografias-sonoras/cartografias-sonoras/src/shared/utils/cn.ts": {"path":"/home/strocs/dev/cartografias-sonoras/cartografias-sonoras/src/shared/utils/cn.ts","statementMap":{"0":{"start":{"line":6,"column":2},"end":{"line":6,"column":null}}},"fnMap":{"0":{"name":"cn","decl":{"start":{"line":4,"column":16},"end":{"line":4,"column":19}},"loc":{"start":{"line":4,"column":52},"end":{"line":7,"column":null}},"line":4}},"branchMap":{},"s":{"0":263},"f":{"0":263},"b":{},"meta":{"lastBranch":0,"lastFunction":1,"lastStatement":1,"seen":{"f:4:16:4:19":0,"s:6:2:6:Infinity":0},"fnNames":{}}}
,"/home/strocs/dev/cartografias-sonoras/cartografias-sonoras/src/shared/utils/validators.ts": {"path":"/home/strocs/dev/cartografias-sonoras/cartografias-sonoras/src/shared/utils/validators.ts","statementMap":{"0":{"start":{"line":45,"column":27},"end":{"line":45,"column":null}},"1":{"start":{"line":47,"column":2},"end":{"line":56,"column":null}},"2":{"start":{"line":48,"column":18},"end":{"line":48,"column":null}},"3":{"start":{"line":48,"column":50},"end":{"line":48,"column":75}},"4":{"start":{"line":49,"column":4},"end":{"line":55,"column":null}},"5":{"start":{"line":50,"column":6},"end":{"line":52,"column":null}},"6":{"start":{"line":53,"column":11},"end":{"line":55,"column":null}},"7":{"start":{"line":54,"column":6},"end":{"line":54,"column":null}},"8":{"start":{"line":58,"column":2},"end":{"line":63,"column":null}},"9":{"start":{"line":59,"column":16},"end":{"line":59,"column":null}},"10":{"start":{"line":59,"column":41},"end":{"line":59,"column":61}},"11":{"start":{"line":60,"column":4},"end":{"line":62,"column":null}},"12":{"start":{"line":61,"column":6},"end":{"line":61,"column":null}},"13":{"start":{"line":65,"column":2},"end":{"line":72,"column":null}},"14":{"start":{"line":66,"column":16},"end":{"line":66,"column":null}},"15":{"start":{"line":66,"column":41},"end":{"line":66,"column":61}},"16":{"start":{"line":67,"column":4},"end":{"line":71,"column":null}},"17":{"start":{"line":68,"column":6},"end":{"line":70,"column":null}},"18":{"start":{"line":74,"column":2},"end":{"line":91,"column":null}},"19":{"start":{"line":75,"column":16},"end":{"line":75,"column":null}},"20":{"start":{"line":75,"column":41},"end":{"line":75,"column":60}},"21":{"start":{"line":76,"column":4},"end":{"line":79,"column":null}},"22":{"start":{"line":77,"column":6},"end":{"line":77,"column":null}},"23":{"start":{"line":78,"column":6},"end":{"line":78,"column":null}},"24":{"start":{"line":81,"column":4},"end":{"line":90,"column":null}},"25":{"start":{"line":82,"column":20},"end":{"line":82,"column":null}},"26":{"start":{"line":82,"column":47},"end":{"line":82,"column":63}},"27":{"start":{"line":83,"column":6},"end":{"line":89,"column":null}},"28":{"start":{"line":84,"column":8},"end":{"line":84,"column":null}},"29":{"start":{"line":85,"column":13},"end":{"line":89,"column":null}},"30":{"start":{"line":86,"column":8},"end":{"line":88,"column":null}},"31":{"start":{"line":93,"column":2},"end":{"line":96,"column":null}}},"fnMap":{"0":{"name":"validateDataset","decl":{"start":{"line":39,"column":16},"end":{"line":39,"column":null}},"loc":{"start":{"line":44,"column":51},"end":{"line":97,"column":null}},"line":44},"1":{"name":"(anonymous_1)","decl":{"start":{"line":48,"column":38},"end":{"line":48,"column":44}},"loc":{"start":{"line":48,"column":50},"end":{"line":48,"column":75}},"line":48},"2":{"name":"(anonymous_2)","decl":{"start":{"line":59,"column":29},"end":{"line":59,"column":35}},"loc":{"start":{"line":59,"column":41},"end":{"line":59,"column":61}},"line":59},"3":{"name":"(anonymous_3)","decl":{"start":{"line":66,"column":29},"end":{"line":66,"column":35}},"loc":{"start":{"line":66,"column":41},"end":{"line":66,"column":61}},"line":66},"4":{"name":"(anonymous_4)","decl":{"start":{"line":75,"column":29},"end":{"line":75,"column":35}},"loc":{"start":{"line":75,"column":41},"end":{"line":75,"column":60}},"line":75},"5":{"name":"(anonymous_5)","decl":{"start":{"line":82,"column":35},"end":{"line":82,"column":41}},"loc":{"start":{"line":82,"column":47},"end":{"line":82,"column":63}},"line":82}},"branchMap":{"0":{"loc":{"start":{"line":49,"column":4},"end":{"line":55,"column":null}},"type":"if","locations":[{"start":{"line":49,"column":4},"end":{"line":55,"column":null}},{"start":{"line":53,"column":11},"end":{"line":55,"column":null}}],"line":49},"1":{"loc":{"start":{"line":53,"column":11},"end":{"line":55,"column":null}},"type":"if","locations":[{"start":{"line":53,"column":11},"end":{"line":55,"column":null}},{"start":{},"end":{}}],"line":53},"2":{"loc":{"start":{"line":60,"column":4},"end":{"line":62,"column":null}},"type":"if","locations":[{"start":{"line":60,"column":4},"end":{"line":62,"column":null}},{"start":{},"end":{}}],"line":60},"3":{"loc":{"start":{"line":67,"column":4},"end":{"line":71,"column":null}},"type":"if","locations":[{"start":{"line":67,"column":4},"end":{"line":71,"column":null}},{"start":{},"end":{}}],"line":67},"4":{"loc":{"start":{"line":76,"column":4},"end":{"line":79,"column":null}},"type":"if","locations":[{"start":{"line":76,"column":4},"end":{"line":79,"column":null}},{"start":{},"end":{}}],"line":76},"5":{"loc":{"start":{"line":83,"column":6},"end":{"line":89,"column":null}},"type":"if","locations":[{"start":{"line":83,"column":6},"end":{"line":89,"column":null}},{"start":{"line":85,"column":13},"end":{"line":89,"column":null}}],"line":83},"6":{"loc":{"start":{"line":85,"column":13},"end":{"line":89,"column":null}},"type":"if","locations":[{"start":{"line":85,"column":13},"end":{"line":89,"column":null}},{"start":{},"end":{}}],"line":85}},"s":{"0":5,"1":5,"2":6,"3":9,"4":6,"5":1,"6":5,"7":0,"8":5,"9":19,"10":31,"11":19,"12":2,"13":5,"14":6,"15":9,"16":6,"17":0,"18":5,"19":9,"20":16,"21":9,"22":0,"23":0,"24":9,"25":18,"26":112,"27":18,"28":1,"29":17,"30":1,"31":5},"f":{"0":5,"1":9,"2":31,"3":9,"4":16,"5":112},"b":{"0":[1,5],"1":[0,5],"2":[2,17],"3":[0,6],"4":[0,9],"5":[1,17],"6":[1,16]},"meta":{"lastBranch":7,"lastFunction":6,"lastStatement":32,"seen":{"f:39:16:39:Infinity":0,"s:45:27:45:Infinity":0,"s:47:2:56:Infinity":1,"s:48:18:48:Infinity":2,"f:48:38:48:44":1,"s:48:50:48:75":3,"b:49:4:55:Infinity:53:11:55:Infinity":0,"s:49:4:55:Infinity":4,"s:50:6:52:Infinity":5,"b:53:11:55:Infinity:undefined:undefined:undefined:undefined":1,"s:53:11:55:Infinity":6,"s:54:6:54:Infinity":7,"s:58:2:63:Infinity":8,"s:59:16:59:Infinity":9,"f:59:29:59:35":2,"s:59:41:59:61":10,"b:60:4:62:Infinity:undefined:undefined:undefined:undefined":2,"s:60:4:62:Infinity":11,"s:61:6:61:Infinity":12,"s:65:2:72:Infinity":13,"s:66:16:66:Infinity":14,"f:66:29:66:35":3,"s:66:41:66:61":15,"b:67:4:71:Infinity:undefined:undefined:undefined:undefined":3,"s:67:4:71:Infinity":16,"s:68:6:70:Infinity":17,"s:74:2:91:Infinity":18,"s:75:16:75:Infinity":19,"f:75:29:75:35":4,"s:75:41:75:60":20,"b:76:4:79:Infinity:undefined:undefined:undefined:undefined":4,"s:76:4:79:Infinity":21,"s:77:6:77:Infinity":22,"s:78:6:78:Infinity":23,"s:81:4:90:Infinity":24,"s:82:20:82:Infinity":25,"f:82:35:82:41":5,"s:82:47:82:63":26,"b:83:6:89:Infinity:85:13:89:Infinity":5,"s:83:6:89:Infinity":27,"s:84:8:84:Infinity":28,"b:85:13:89:Infinity:undefined:undefined:undefined:undefined":6,"s:85:13:89:Infinity":29,"s:86:8:88:Infinity":30,"s:93:2:96:Infinity":31},"fnNames":{}}}
,"/home/strocs/dev/cartografias-sonoras/cartografias-sonoras/src/views/map/MapPage.tsx": {"path":"/home/strocs/dev/cartografias-sonoras/cartografias-sonoras/src/views/map/MapPage.tsx","statementMap":{"0":{"start":{"line":1,"column":0},"end":{"line":1,"column":null}},"1":{"start":{"line":21,"column":43},"end":{"line":24,"column":null}},"2":{"start":{"line":26,"column":26},"end":{"line":29,"column":null}},"3":{"start":{"line":26,"column":49},"end":{"line":29,"column":4}},"4":{"start":{"line":31,"column":25},"end":{"line":33,"column":null}},"5":{"start":{"line":35,"column":2},"end":{"line":47,"column":null}}},"fnMap":{"0":{"name":"MapPage","decl":{"start":{"line":20,"column":16},"end":{"line":20,"column":24}},"loc":{"start":{"line":20,"column":74},"end":{"line":49,"column":null}},"line":20},"1":{"name":"(anonymous_1)","decl":{"start":{"line":26,"column":33},"end":{"line":26,"column":38}},"loc":{"start":{"line":26,"column":49},"end":{"line":29,"column":4}},"line":26}},"branchMap":{"0":{"loc":{"start":{"line":31,"column":25},"end":{"line":33,"column":null}},"type":"cond-expr","locations":[{"start":{"line":32,"column":6},"end":{"line":32,"column":null}},{"start":{"line":33,"column":6},"end":{"line":33,"column":null}}],"line":31}},"s":{"0":1,"1":6,"2":6,"3":12,"4":6,"5":6},"f":{"0":6,"1":12},"b":{"0":[0,6]},"meta":{"lastBranch":1,"lastFunction":2,"lastStatement":6,"seen":{"s:1:0:1:Infinity":0,"f:20:16:20:24":0,"s:21:43:24:Infinity":1,"s:26:26:29:Infinity":2,"f:26:33:26:38":1,"s:26:49:29:4":3,"s:31:25:33:Infinity":4,"b:32:6:32:Infinity:33:6:33:Infinity":0,"s:35:2:47:Infinity":5},"fnNames":{}}}
,"/home/strocs/dev/cartografias-sonoras/cartografias-sonoras/src/views/sound-tour/SoundTour.tsx": {"path":"/home/strocs/dev/cartografias-sonoras/cartografias-sonoras/src/views/sound-tour/SoundTour.tsx","statementMap":{"0":{"start":{"line":1,"column":0},"end":{"line":1,"column":null}},"1":{"start":{"line":20,"column":2},"end":{"line":26,"column":null}},"2":{"start":{"line":24,"column":8},"end":{"line":24,"column":null}}},"fnMap":{"0":{"name":"SoundTour","decl":{"start":{"line":19,"column":16},"end":{"line":19,"column":26}},"loc":{"start":{"line":19,"column":61},"end":{"line":28,"column":null}},"line":19},"1":{"name":"(anonymous_1)","decl":{"start":{"line":23,"column":14},"end":{"line":23,"column":19}},"loc":{"start":{"line":24,"column":8},"end":{"line":24,"column":null}},"line":24}},"branchMap":{},"s":{"0":0,"1":0,"2":0},"f":{"0":0,"1":0},"b":{},"meta":{"lastBranch":0,"lastFunction":2,"lastStatement":3,"seen":{"s:1:0:1:Infinity":0,"f:19:16:19:26":0,"s:20:2:26:Infinity":1,"f:23:14:23:19":1,"s:24:8:24:Infinity":2},"fnNames":{}}}
,"/home/strocs/dev/cartografias-sonoras/cartografias-sonoras/src/views/sound-tour/index.ts": {"path":"/home/strocs/dev/cartografias-sonoras/cartografias-sonoras/src/views/sound-tour/index.ts","statementMap":{},"fnMap":{},"branchMap":{},"s":{},"f":{},"b":{},"meta":{"lastBranch":0,"lastFunction":0,"lastStatement":0,"seen":{},"fnNames":{}}}
}
